{"/Users/stevebargelt/code/wnba-led-scoreboard/web-admin/src/components/layout/Header.tsx": {"path":"/Users/stevebargelt/code/wnba-led-scoreboard/web-admin/src/components/layout/Header.tsx","statementMap":{"0":{"start":{"line":7,"column":16},"end":{"line":7,"column":null}},"1":{"start":{"line":1,"column":18},"end":{"line":1,"column":null}},"2":{"start":{"line":2,"column":36},"end":{"line":2,"column":null}},"3":{"start":{"line":3,"column":34},"end":{"line":3,"column":null}},"4":{"start":{"line":4,"column":23},"end":{"line":4,"column":null}},"5":{"start":{"line":5,"column":22},"end":{"line":5,"column":null}},"6":{"start":{"line":8,"column":40},"end":{"line":8,"column":null}},"7":{"start":{"line":19,"column":29},"end":{"line":19,"column":null}}},"fnMap":{"0":{"name":"Header","decl":{"start":{"line":7,"column":16},"end":{"line":7,"column":null}},"loc":{"start":{"line":7,"column":16},"end":{"line":66,"column":null}}},"1":{"name":"(anonymous_3)","decl":{"start":{"line":19,"column":23},"end":{"line":19,"column":29}},"loc":{"start":{"line":19,"column":29},"end":{"line":19,"column":null}}}},"branchMap":{},"s":{"0":3,"1":1,"2":1,"3":1,"4":1,"5":1,"6":3,"7":0},"f":{"0":3,"1":0},"b":{}}
,"/Users/stevebargelt/code/wnba-led-scoreboard/web-admin/src/components/layout/Layout.tsx": {"path":"/Users/stevebargelt/code/wnba-led-scoreboard/web-admin/src/components/layout/Layout.tsx","statementMap":{"0":{"start":{"line":9,"column":16},"end":{"line":9,"column":23}},"1":{"start":{"line":1,"column":18},"end":{"line":1,"column":null}},"2":{"start":{"line":2,"column":27},"end":{"line":2,"column":null}},"3":{"start":{"line":3,"column":23},"end":{"line":3,"column":null}}},"fnMap":{"0":{"name":"Layout","decl":{"start":{"line":9,"column":16},"end":{"line":9,"column":23}},"loc":{"start":{"line":9,"column":48},"end":{"line":31,"column":null}}}},"branchMap":{},"s":{"0":3,"1":1,"2":1,"3":1},"f":{"0":3},"b":{}}
,"/Users/stevebargelt/code/wnba-led-scoreboard/web-admin/src/components/layout/Navigation.tsx": {"path":"/Users/stevebargelt/code/wnba-led-scoreboard/web-admin/src/components/layout/Navigation.tsx","statementMap":{"0":{"start":{"line":15,"column":16},"end":{"line":15,"column":null}},"1":{"start":{"line":1,"column":18},"end":{"line":1,"column":null}},"2":{"start":{"line":2,"column":17},"end":{"line":2,"column":null}},"3":{"start":{"line":3,"column":26},"end":{"line":3,"column":null}},"4":{"start":{"line":4,"column":71},"end":{"line":4,"column":null}},"5":{"start":{"line":5,"column":21},"end":{"line":5,"column":null}},"6":{"start":{"line":7,"column":19},"end":{"line":13,"column":null}},"7":{"start":{"line":16,"column":17},"end":{"line":16,"column":null}},"8":{"start":{"line":43,"column":33},"end":{"line":43,"column":62}},"9":{"start":{"line":44,"column":16},"end":{"line":46,"column":null}}},"fnMap":{"0":{"name":"Navigation","decl":{"start":{"line":15,"column":16},"end":{"line":15,"column":null}},"loc":{"start":{"line":15,"column":16},"end":{"line":83,"column":null}}},"1":{"name":"(anonymous_3)","decl":{"start":{"line":42,"column":30},"end":{"line":42,"column":null}},"loc":{"start":{"line":42,"column":30},"end":{"line":68,"column":null}}}},"branchMap":{"0":{"loc":{"start":{"line":51,"column":22},"end":{"line":53,"column":null}},"type":"cond-expr","locations":[{"start":{"line":52,"column":26},"end":{"line":52,"column":null}},{"start":{"line":53,"column":26},"end":{"line":53,"column":null}}]},"1":{"loc":{"start":{"line":59,"column":24},"end":{"line":61,"column":null}},"type":"cond-expr","locations":[{"start":{"line":60,"column":28},"end":{"line":60,"column":null}},{"start":{"line":61,"column":28},"end":{"line":61,"column":null}}]}},"s":{"0":3,"1":1,"2":1,"3":1,"4":1,"5":1,"6":1,"7":3,"8":15,"9":15},"f":{"0":3,"1":15},"b":{"0":[3,12],"1":[3,12]}}
,"/Users/stevebargelt/code/wnba-led-scoreboard/web-admin/src/components/layout/index.ts": {"path":"/Users/stevebargelt/code/wnba-led-scoreboard/web-admin/src/components/layout/index.ts","statementMap":{"0":{"start":{"line":3,"column":9},"end":{"line":3,"column":23}},"1":{"start":{"line":2,"column":9},"end":{"line":2,"column":23}},"2":{"start":{"line":4,"column":9},"end":{"line":4,"column":27}},"3":{"start":{"line":2,"column":23},"end":{"line":2,"column":null}},"4":{"start":{"line":3,"column":23},"end":{"line":3,"column":null}},"5":{"start":{"line":4,"column":27},"end":{"line":4,"column":null}}},"fnMap":{},"branchMap":{},"s":{"0":0,"1":3,"2":0,"3":1,"4":1,"5":1},"f":{},"b":{}}
,"/Users/stevebargelt/code/wnba-led-scoreboard/web-admin/src/components/ui/Badge.tsx": {"path":"/Users/stevebargelt/code/wnba-led-scoreboard/web-admin/src/components/ui/Badge.tsx","statementMap":{"0":{"start":{"line":36,"column":16},"end":{"line":36,"column":22}},"1":{"start":{"line":66,"column":16},"end":{"line":66,"column":28}},"2":{"start":{"line":1,"column":18},"end":{"line":1,"column":null}},"3":{"start":{"line":2,"column":21},"end":{"line":2,"column":null}},"4":{"start":{"line":14,"column":22},"end":{"line":20,"column":null}},"5":{"start":{"line":22,"column":19},"end":{"line":26,"column":null}},"6":{"start":{"line":28,"column":18},"end":{"line":34,"column":null}}},"fnMap":{"0":{"name":"Badge","decl":{"start":{"line":36,"column":16},"end":{"line":36,"column":22}},"loc":{"start":{"line":43,"column":13},"end":{"line":63,"column":null}}},"1":{"name":"StatusBadge","decl":{"start":{"line":66,"column":16},"end":{"line":66,"column":28}},"loc":{"start":{"line":69,"column":73},"end":{"line":75,"column":null}}}},"branchMap":{"0":{"loc":{"start":{"line":37,"column":2},"end":{"line":37,"column":21}},"type":"default-arg","locations":[{"start":{"line":37,"column":12},"end":{"line":37,"column":21}}]},"1":{"loc":{"start":{"line":38,"column":2},"end":{"line":38,"column":13}},"type":"default-arg","locations":[{"start":{"line":38,"column":9},"end":{"line":38,"column":13}}]},"2":{"loc":{"start":{"line":39,"column":2},"end":{"line":39,"column":13}},"type":"default-arg","locations":[{"start":{"line":39,"column":8},"end":{"line":39,"column":13}}]},"3":{"loc":{"start":{"line":54,"column":7},"end":{"line":54,"column":null}},"type":"binary-expr","locations":[{"start":{"line":54,"column":7},"end":{"line":54,"column":null}}]},"4":{"loc":{"start":{"line":71,"column":20},"end":{"line":71,"column":52}},"type":"cond-expr","locations":[{"start":{"line":71,"column":29},"end":{"line":71,"column":41}},{"start":{"line":71,"column":41},"end":{"line":71,"column":52}}]},"5":{"loc":{"start":{"line":72,"column":7},"end":{"line":72,"column":null}},"type":"cond-expr","locations":[{"start":{"line":72,"column":16},"end":{"line":72,"column":27}},{"start":{"line":72,"column":27},"end":{"line":72,"column":null}}]}},"s":{"0":15,"1":6,"2":2,"3":2,"4":2,"5":2,"6":2},"f":{"0":21,"1":6},"b":{"0":[7],"1":[14],"2":[14],"3":[21],"4":[4,2],"5":[4,2]}}
,"/Users/stevebargelt/code/wnba-led-scoreboard/web-admin/src/components/ui/Button.tsx": {"path":"/Users/stevebargelt/code/wnba-led-scoreboard/web-admin/src/components/ui/Button.tsx","statementMap":{"0":{"start":{"line":33,"column":16},"end":{"line":33,"column":23}},"1":{"start":{"line":1,"column":18},"end":{"line":1,"column":null}},"2":{"start":{"line":2,"column":21},"end":{"line":2,"column":null}},"3":{"start":{"line":16,"column":23},"end":{"line":25,"column":null}},"4":{"start":{"line":27,"column":20},"end":{"line":31,"column":null}},"5":{"start":{"line":44,"column":21},"end":{"line":44,"column":null}}},"fnMap":{"0":{"name":"Button","decl":{"start":{"line":33,"column":16},"end":{"line":33,"column":23}},"loc":{"start":{"line":43,"column":14},"end":{"line":88,"column":null}}}},"branchMap":{"0":{"loc":{"start":{"line":34,"column":2},"end":{"line":34,"column":21}},"type":"default-arg","locations":[{"start":{"line":34,"column":12},"end":{"line":34,"column":21}}]},"1":{"loc":{"start":{"line":35,"column":2},"end":{"line":35,"column":13}},"type":"default-arg","locations":[{"start":{"line":35,"column":9},"end":{"line":35,"column":13}}]},"2":{"loc":{"start":{"line":36,"column":2},"end":{"line":36,"column":17}},"type":"default-arg","locations":[{"start":{"line":36,"column":12},"end":{"line":36,"column":17}}]},"3":{"loc":{"start":{"line":44,"column":21},"end":{"line":44,"column":null}},"type":"binary-expr","locations":[{"start":{"line":44,"column":21},"end":{"line":44,"column":33}},{"start":{"line":44,"column":33},"end":{"line":44,"column":null}}]},"4":{"loc":{"start":{"line":60,"column":7},"end":{"line":60,"column":null}},"type":"binary-expr","locations":[{"start":{"line":60,"column":7},"end":{"line":60,"column":null}}]},"5":{"loc":{"start":{"line":83,"column":7},"end":{"line":83,"column":19}},"type":"binary-expr","locations":[{"start":{"line":83,"column":7},"end":{"line":83,"column":19}},{"start":{"line":83,"column":19},"end":{"line":83,"column":31}}]},"6":{"loc":{"start":{"line":85,"column":7},"end":{"line":85,"column":19}},"type":"binary-expr","locations":[{"start":{"line":85,"column":7},"end":{"line":85,"column":19}},{"start":{"line":85,"column":19},"end":{"line":85,"column":32}}]}},"s":{"0":42,"1":2,"2":2,"3":2,"4":2,"5":42},"f":{"0":42},"b":{"0":[18],"1":[27],"2":[28],"3":[42,38],"4":[42],"5":[42,41],"6":[42,41]}}
,"/Users/stevebargelt/code/wnba-led-scoreboard/web-admin/src/components/ui/Card.tsx": {"path":"/Users/stevebargelt/code/wnba-led-scoreboard/web-admin/src/components/ui/Card.tsx","statementMap":{"0":{"start":{"line":24,"column":16},"end":{"line":24,"column":21}},"1":{"start":{"line":44,"column":16},"end":{"line":44,"column":27}},"2":{"start":{"line":60,"column":16},"end":{"line":60,"column":26}},"3":{"start":{"line":1,"column":18},"end":{"line":1,"column":null}},"4":{"start":{"line":2,"column":21},"end":{"line":2,"column":null}},"5":{"start":{"line":10,"column":24},"end":{"line":15,"column":null}},"6":{"start":{"line":17,"column":23},"end":{"line":22,"column":null}}},"fnMap":{"0":{"name":"Card","decl":{"start":{"line":24,"column":16},"end":{"line":24,"column":21}},"loc":{"start":{"line":24,"column":96},"end":{"line":38,"column":null}}},"1":{"name":"CardHeader","decl":{"start":{"line":44,"column":16},"end":{"line":44,"column":27}},"loc":{"start":{"line":44,"column":77},"end":{"line":53,"column":null}}},"2":{"name":"CardTitle","decl":{"start":{"line":60,"column":16},"end":{"line":60,"column":26}},"loc":{"start":{"line":60,"column":95},"end":{"line":69,"column":null}}}},"branchMap":{"0":{"loc":{"start":{"line":24,"column":23},"end":{"line":24,"column":37}},"type":"default-arg","locations":[{"start":{"line":24,"column":33},"end":{"line":24,"column":37}}]},"1":{"loc":{"start":{"line":24,"column":39},"end":{"line":24,"column":52}},"type":"default-arg","locations":[{"start":{"line":24,"column":48},"end":{"line":24,"column":52}}]},"2":{"loc":{"start":{"line":60,"column":53},"end":{"line":60,"column":67}},"type":"default-arg","locations":[{"start":{"line":60,"column":63},"end":{"line":60,"column":67}}]}},"s":{"0":8,"1":8,"2":8,"3":1,"4":1,"5":1,"6":1},"f":{"0":8,"1":8,"2":8},"b":{"0":[8],"1":[8],"2":[8]}}
,"/Users/stevebargelt/code/wnba-led-scoreboard/web-admin/src/components/ui/Input.tsx": {"path":"/Users/stevebargelt/code/wnba-led-scoreboard/web-admin/src/components/ui/Input.tsx","statementMap":{"0":{"start":{"line":12,"column":16},"end":{"line":12,"column":22}},"1":{"start":{"line":1,"column":18},"end":{"line":1,"column":null}},"2":{"start":{"line":2,"column":21},"end":{"line":2,"column":null}},"3":{"start":{"line":22,"column":18},"end":{"line":22,"column":74}},"4":{"start":{"line":23,"column":19},"end":{"line":23,"column":null}}},"fnMap":{"0":{"name":"Input","decl":{"start":{"line":12,"column":16},"end":{"line":12,"column":22}},"loc":{"start":{"line":21,"column":13},"end":{"line":96,"column":null}}}},"branchMap":{"0":{"loc":{"start":{"line":22,"column":18},"end":{"line":22,"column":74}},"type":"binary-expr","locations":[{"start":{"line":22,"column":18},"end":{"line":22,"column":24}},{"start":{"line":22,"column":24},"end":{"line":22,"column":74}}]},"1":{"loc":{"start":{"line":27,"column":7},"end":{"line":27,"column":null}},"type":"binary-expr","locations":[{"start":{"line":27,"column":7},"end":{"line":27,"column":null}}]},"2":{"loc":{"start":{"line":33,"column":11},"end":{"line":33,"column":25}},"type":"binary-expr","locations":[{"start":{"line":33,"column":11},"end":{"line":33,"column":25}}]},"3":{"loc":{"start":{"line":42,"column":9},"end":{"line":42,"column":null}},"type":"binary-expr","locations":[{"start":{"line":42,"column":9},"end":{"line":42,"column":null}}]},"4":{"loc":{"start":{"line":57,"column":12},"end":{"line":57,"column":null}},"type":"cond-expr","locations":[{"start":{"line":57,"column":23},"end":{"line":57,"column":33}},{"start":{"line":57,"column":33},"end":{"line":57,"column":null}}]},"5":{"loc":{"start":{"line":58,"column":12},"end":{"line":58,"column":null}},"type":"cond-expr","locations":[{"start":{"line":58,"column":24},"end":{"line":58,"column":34}},{"start":{"line":58,"column":34},"end":{"line":58,"column":null}}]},"6":{"loc":{"start":{"line":60,"column":12},"end":{"line":62,"column":null}},"type":"cond-expr","locations":[{"start":{"line":61,"column":16},"end":{"line":61,"column":null}},{"start":{"line":62,"column":16},"end":{"line":62,"column":null}}]},"7":{"loc":{"start":{"line":67,"column":12},"end":{"line":67,"column":null}},"type":"cond-expr","locations":[{"start":{"line":67,"column":20},"end":{"line":67,"column":38}},{"start":{"line":67,"column":41},"end":{"line":67,"column":null}}]},"8":{"loc":{"start":{"line":67,"column":41},"end":{"line":67,"column":null}},"type":"cond-expr","locations":[{"start":{"line":67,"column":54},"end":{"line":67,"column":73}},{"start":{"line":67,"column":76},"end":{"line":67,"column":null}}]},"9":{"loc":{"start":{"line":72,"column":9},"end":{"line":72,"column":null}},"type":"binary-expr","locations":[{"start":{"line":72,"column":9},"end":{"line":72,"column":null}}]},"10":{"loc":{"start":{"line":79,"column":7},"end":{"line":79,"column":null}},"type":"binary-expr","locations":[{"start":{"line":79,"column":7},"end":{"line":79,"column":null}}]},"11":{"loc":{"start":{"line":89,"column":7},"end":{"line":89,"column":17}},"type":"binary-expr","locations":[{"start":{"line":89,"column":7},"end":{"line":89,"column":17}},{"start":{"line":89,"column":17},"end":{"line":89,"column":null}}]}},"s":{"0":26,"1":2,"2":2,"3":26,"4":26},"f":{"0":26},"b":{"0":[26,25],"1":[26],"2":[16],"3":[26],"4":[6,20],"5":[1,25],"6":[4,22],"7":[4,22],"8":[4,18],"9":[26],"10":[26],"11":[26,22]}}
,"/Users/stevebargelt/code/wnba-led-scoreboard/web-admin/src/components/ui/Tabs.tsx": {"path":"/Users/stevebargelt/code/wnba-led-scoreboard/web-admin/src/components/ui/Tabs.tsx","statementMap":{"0":{"start":{"line":17,"column":16},"end":{"line":17,"column":21}},"1":{"start":{"line":82,"column":16},"end":{"line":82,"column":28}},"2":{"start":{"line":32,"column":16},"end":{"line":32,"column":25}},"3":{"start":{"line":46,"column":16},"end":{"line":46,"column":28}},"4":{"start":{"line":1,"column":59},"end":{"line":1,"column":null}},"5":{"start":{"line":2,"column":21},"end":{"line":2,"column":null}},"6":{"start":{"line":9,"column":20},"end":{"line":9,"column":null}},"7":{"start":{"line":18,"column":36},"end":{"line":18,"column":null}},"8":{"start":{"line":47,"column":18},"end":{"line":47,"column":null}},"9":{"start":{"line":48,"column":2},"end":{"line":50,"column":null}},"10":{"start":{"line":49,"column":4},"end":{"line":49,"column":null}},"11":{"start":{"line":52,"column":38},"end":{"line":52,"column":null}},"12":{"start":{"line":53,"column":19},"end":{"line":53,"column":null}},"13":{"start":{"line":65,"column":21},"end":{"line":65,"column":null}},"14":{"start":{"line":83,"column":18},"end":{"line":83,"column":null}},"15":{"start":{"line":84,"column":2},"end":{"line":86,"column":null}},"16":{"start":{"line":85,"column":4},"end":{"line":85,"column":null}},"17":{"start":{"line":88,"column":24},"end":{"line":88,"column":null}},"18":{"start":{"line":89,"column":19},"end":{"line":89,"column":null}},"19":{"start":{"line":91,"column":2},"end":{"line":93,"column":null}},"20":{"start":{"line":92,"column":4},"end":{"line":92,"column":null}}},"fnMap":{"0":{"name":"Tabs","decl":{"start":{"line":17,"column":16},"end":{"line":17,"column":21}},"loc":{"start":{"line":17,"column":69},"end":{"line":25,"column":null}}},"1":{"name":"TabsList","decl":{"start":{"line":32,"column":16},"end":{"line":32,"column":25}},"loc":{"start":{"line":32,"column":63},"end":{"line":38,"column":null}}},"2":{"name":"TabsTrigger","decl":{"start":{"line":46,"column":16},"end":{"line":46,"column":28}},"loc":{"start":{"line":46,"column":76},"end":{"line":74,"column":null}}},"3":{"name":"(anonymous_11)","decl":{"start":{"line":65,"column":15},"end":{"line":65,"column":21}},"loc":{"start":{"line":65,"column":21},"end":{"line":65,"column":null}}},"4":{"name":"TabsContent","decl":{"start":{"line":82,"column":16},"end":{"line":82,"column":28}},"loc":{"start":{"line":82,"column":76},"end":{"line":105,"column":null}}}},"branchMap":{"0":{"loc":{"start":{"line":48,"column":2},"end":{"line":50,"column":null}},"type":"if","locations":[{"start":{"line":48,"column":2},"end":{"line":50,"column":null}},{"start":{},"end":{}}]},"1":{"loc":{"start":{"line":60,"column":8},"end":{"line":62,"column":null}},"type":"cond-expr","locations":[{"start":{"line":61,"column":12},"end":{"line":61,"column":null}},{"start":{"line":62,"column":12},"end":{"line":62,"column":null}}]},"2":{"loc":{"start":{"line":84,"column":2},"end":{"line":86,"column":null}},"type":"if","locations":[{"start":{"line":84,"column":2},"end":{"line":86,"column":null}},{"start":{},"end":{}}]},"3":{"loc":{"start":{"line":91,"column":2},"end":{"line":93,"column":null}},"type":"if","locations":[{"start":{"line":91,"column":2},"end":{"line":93,"column":null}},{"start":{},"end":{}}]}},"s":{"0":13,"1":26,"2":11,"3":28,"4":2,"5":2,"6":2,"7":14,"8":34,"9":34,"10":4,"11":30,"12":30,"13":1,"14":32,"15":32,"16":4,"17":28,"18":28,"19":28,"20":18},"f":{"0":14,"1":11,"2":34,"3":1,"4":32},"b":{"0":[4,30],"1":[12,18],"2":[4,28],"3":[18,10]}}
,"/Users/stevebargelt/code/wnba-led-scoreboard/web-admin/src/components/ui/ThemeToggle.tsx": {"path":"/Users/stevebargelt/code/wnba-led-scoreboard/web-admin/src/components/ui/ThemeToggle.tsx","statementMap":{"0":{"start":{"line":7,"column":16},"end":{"line":7,"column":null}},"1":{"start":{"line":39,"column":16},"end":{"line":39,"column":null}},"2":{"start":{"line":1,"column":18},"end":{"line":1,"column":null}},"3":{"start":{"line":2,"column":55},"end":{"line":2,"column":null}},"4":{"start":{"line":3,"column":25},"end":{"line":3,"column":null}},"5":{"start":{"line":4,"column":23},"end":{"line":4,"column":null}},"6":{"start":{"line":5,"column":21},"end":{"line":5,"column":null}},"7":{"start":{"line":8,"column":30},"end":{"line":8,"column":null}},"8":{"start":{"line":10,"column":17},"end":{"line":14,"column":null}},"9":{"start":{"line":19,"column":8},"end":{"line":20,"column":null}},"10":{"start":{"line":21,"column":25},"end":{"line":21,"column":null}},"11":{"start":{"line":40,"column":45},"end":{"line":40,"column":null}},"12":{"start":{"line":42,"column":21},"end":{"line":47,"column":null}},"13":{"start":{"line":43,"column":19},"end":{"line":43,"column":null}},"14":{"start":{"line":44,"column":25},"end":{"line":44,"column":null}},"15":{"start":{"line":45,"column":22},"end":{"line":45,"column":56}},"16":{"start":{"line":46,"column":4},"end":{"line":46,"column":null}},"17":{"start":{"line":49,"column":15},"end":{"line":49,"column":60}}},"fnMap":{"0":{"name":"ThemeToggle","decl":{"start":{"line":7,"column":16},"end":{"line":7,"column":null}},"loc":{"start":{"line":7,"column":16},"end":{"line":37,"column":null}}},"1":{"name":"(anonymous_5)","decl":{"start":{"line":18,"column":18},"end":{"line":18,"column":19}},"loc":{"start":{"line":19,"column":8},"end":{"line":20,"column":null}}},"2":{"name":"(anonymous_6)","decl":{"start":{"line":21,"column":19},"end":{"line":21,"column":25}},"loc":{"start":{"line":21,"column":25},"end":{"line":21,"column":null}}},"3":{"name":"ThemeToggleButton","decl":{"start":{"line":39,"column":16},"end":{"line":39,"column":null}},"loc":{"start":{"line":39,"column":16},"end":{"line":62,"column":null}}},"4":{"name":"(anonymous_8)","decl":{"start":{"line":42,"column":21},"end":{"line":42,"column":null}},"loc":{"start":{"line":42,"column":21},"end":{"line":47,"column":null}}}},"branchMap":{"0":{"loc":{"start":{"line":25,"column":12},"end":{"line":27,"column":null}},"type":"cond-expr","locations":[{"start":{"line":26,"column":16},"end":{"line":26,"column":null}},{"start":{"line":27,"column":16},"end":{"line":27,"column":null}}]},"1":{"loc":{"start":{"line":49,"column":15},"end":{"line":49,"column":60}},"type":"cond-expr","locations":[{"start":{"line":49,"column":42},"end":{"line":49,"column":49}},{"start":{"line":49,"column":52},"end":{"line":49,"column":60}}]},"2":{"loc":{"start":{"line":56,"column":31},"end":{"line":56,"column":98}},"type":"cond-expr","locations":[{"start":{"line":56,"column":51},"end":{"line":56,"column":60}},{"start":{"line":56,"column":60},"end":{"line":56,"column":98}}]},"3":{"loc":{"start":{"line":56,"column":60},"end":{"line":56,"column":98}},"type":"cond-expr","locations":[{"start":{"line":56,"column":79},"end":{"line":56,"column":90}},{"start":{"line":56,"column":90},"end":{"line":56,"column":98}}]},"4":{"loc":{"start":{"line":59,"column":7},"end":{"line":59,"column":null}},"type":"cond-expr","locations":[{"start":{"line":59,"column":28},"end":{"line":59,"column":39}},{"start":{"line":59,"column":39},"end":{"line":59,"column":null}}]},"5":{"loc":{"start":{"line":59,"column":39},"end":{"line":59,"column":null}},"type":"cond-expr","locations":[{"start":{"line":59,"column":59},"end":{"line":59,"column":69}},{"start":{"line":59,"column":69},"end":{"line":59,"column":null}}]}},"s":{"0":0,"1":3,"2":1,"3":1,"4":1,"5":1,"6":1,"7":0,"8":0,"9":0,"10":0,"11":3,"12":3,"13":0,"14":0,"15":0,"16":0,"17":3},"f":{"0":0,"1":0,"2":0,"3":3,"4":0},"b":{"0":[0,0],"1":[0,3],"2":[0,3],"3":[0,3],"4":[3,0],"5":[0,0]}}
,"/Users/stevebargelt/code/wnba-led-scoreboard/web-admin/src/components/ui/index.ts": {"path":"/Users/stevebargelt/code/wnba-led-scoreboard/web-admin/src/components/ui/index.ts","statementMap":{"0":{"start":{"line":4,"column":9},"end":{"line":4,"column":16}},"1":{"start":{"line":2,"column":9},"end":{"line":2,"column":23}},"2":{"start":{"line":5,"column":9},"end":{"line":5,"column":15}},"3":{"start":{"line":5,"column":15},"end":{"line":5,"column":27}},"4":{"start":{"line":5,"column":27},"end":{"line":5,"column":44}},"5":{"start":{"line":3,"column":9},"end":{"line":3,"column":22}},"6":{"start":{"line":4,"column":16},"end":{"line":4,"column":35}},"7":{"start":{"line":7,"column":9},"end":{"line":7,"column":15}},"8":{"start":{"line":7,"column":38},"end":{"line":7,"column":57}},"9":{"start":{"line":7,"column":15},"end":{"line":7,"column":25}},"10":{"start":{"line":7,"column":25},"end":{"line":7,"column":38}},"11":{"start":{"line":6,"column":9},"end":{"line":6,"column":22}},"12":{"start":{"line":6,"column":22},"end":{"line":6,"column":47}},"13":{"start":{"line":2,"column":23},"end":{"line":2,"column":null}},"14":{"start":{"line":3,"column":22},"end":{"line":3,"column":null}},"15":{"start":{"line":4,"column":35},"end":{"line":4,"column":null}},"16":{"start":{"line":5,"column":44},"end":{"line":5,"column":null}},"17":{"start":{"line":6,"column":47},"end":{"line":6,"column":null}},"18":{"start":{"line":7,"column":57},"end":{"line":7,"column":null}}},"fnMap":{},"branchMap":{},"s":{"0":0,"1":16,"2":8,"3":8,"4":8,"5":13,"6":0,"7":0,"8":0,"9":0,"10":0,"11":0,"12":0,"13":1,"14":1,"15":1,"16":1,"17":1,"18":1},"f":{},"b":{}}
,"/Users/stevebargelt/code/wnba-led-scoreboard/web-admin/src/contexts/ThemeContext.tsx": {"path":"/Users/stevebargelt/code/wnba-led-scoreboard/web-admin/src/contexts/ThemeContext.tsx","statementMap":{"0":{"start":{"line":27,"column":16},"end":{"line":27,"column":30}},"1":{"start":{"line":14,"column":16},"end":{"line":14,"column":null}},"2":{"start":{"line":1,"column":70},"end":{"line":1,"column":null}},"3":{"start":{"line":12,"column":21},"end":{"line":12,"column":null}},"4":{"start":{"line":15,"column":18},"end":{"line":15,"column":null}},"5":{"start":{"line":16,"column":2},"end":{"line":18,"column":null}},"6":{"start":{"line":17,"column":4},"end":{"line":17,"column":null}},"7":{"start":{"line":19,"column":2},"end":{"line":19,"column":null}},"8":{"start":{"line":28,"column":28},"end":{"line":28,"column":null}},"9":{"start":{"line":29,"column":44},"end":{"line":29,"column":null}},"10":{"start":{"line":31,"column":2},"end":{"line":37,"column":null}},"11":{"start":{"line":33,"column":23},"end":{"line":33,"column":null}},"12":{"start":{"line":34,"column":4},"end":{"line":36,"column":null}},"13":{"start":{"line":35,"column":6},"end":{"line":35,"column":null}},"14":{"start":{"line":39,"column":2},"end":{"line":67,"column":null}},"15":{"start":{"line":40,"column":32},"end":{"line":58,"column":null}},"16":{"start":{"line":43,"column":6},"end":{"line":47,"column":null}},"17":{"start":{"line":44,"column":8},"end":{"line":44,"column":null}},"18":{"start":{"line":46,"column":8},"end":{"line":46,"column":null}},"19":{"start":{"line":49,"column":6},"end":{"line":49,"column":null}},"20":{"start":{"line":52,"column":19},"end":{"line":52,"column":43}},"21":{"start":{"line":53,"column":6},"end":{"line":57,"column":null}},"22":{"start":{"line":54,"column":8},"end":{"line":54,"column":null}},"23":{"start":{"line":56,"column":8},"end":{"line":56,"column":null}},"24":{"start":{"line":60,"column":4},"end":{"line":60,"column":null}},"25":{"start":{"line":63,"column":23},"end":{"line":63,"column":null}},"26":{"start":{"line":64,"column":4},"end":{"line":64,"column":null}},"27":{"start":{"line":66,"column":4},"end":{"line":66,"column":null}},"28":{"start":{"line":66,"column":17},"end":{"line":66,"column":null}},"29":{"start":{"line":69,"column":25},"end":{"line":72,"column":null}},"30":{"start":{"line":70,"column":4},"end":{"line":70,"column":null}},"31":{"start":{"line":71,"column":4},"end":{"line":71,"column":null}}},"fnMap":{"0":{"name":"useTheme","decl":{"start":{"line":14,"column":16},"end":{"line":14,"column":null}},"loc":{"start":{"line":14,"column":16},"end":{"line":20,"column":null}}},"1":{"name":"ThemeProvider","decl":{"start":{"line":27,"column":16},"end":{"line":27,"column":30}},"loc":{"start":{"line":27,"column":87},"end":{"line":79,"column":null}}},"2":{"name":"(anonymous_8)","decl":{"start":{"line":31,"column":12},"end":{"line":31,"column":null}},"loc":{"start":{"line":31,"column":12},"end":{"line":37,"column":5}}},"3":{"name":"(anonymous_9)","decl":{"start":{"line":39,"column":12},"end":{"line":39,"column":null}},"loc":{"start":{"line":39,"column":12},"end":{"line":67,"column":5}}},"4":{"name":"(anonymous_10)","decl":{"start":{"line":40,"column":32},"end":{"line":40,"column":null}},"loc":{"start":{"line":40,"column":32},"end":{"line":58,"column":null}}},"5":{"name":"(anonymous_11)","decl":{"start":{"line":66,"column":11},"end":{"line":66,"column":17}},"loc":{"start":{"line":66,"column":17},"end":{"line":66,"column":null}}},"6":{"name":"(anonymous_12)","decl":{"start":{"line":69,"column":25},"end":{"line":69,"column":26}},"loc":{"start":{"line":69,"column":26},"end":{"line":72,"column":null}}}},"branchMap":{"0":{"loc":{"start":{"line":16,"column":2},"end":{"line":18,"column":null}},"type":"if","locations":[{"start":{"line":16,"column":2},"end":{"line":18,"column":null}},{"start":{},"end":{}}]},"1":{"loc":{"start":{"line":27,"column":42},"end":{"line":27,"column":65}},"type":"default-arg","locations":[{"start":{"line":27,"column":57},"end":{"line":27,"column":65}}]},"2":{"loc":{"start":{"line":34,"column":4},"end":{"line":36,"column":null}},"type":"if","locations":[{"start":{"line":34,"column":4},"end":{"line":36,"column":null}},{"start":{},"end":{}}]},"3":{"loc":{"start":{"line":34,"column":8},"end":{"line":34,"column":72}},"type":"binary-expr","locations":[{"start":{"line":34,"column":8},"end":{"line":34,"column":22}},{"start":{"line":34,"column":22},"end":{"line":34,"column":72}}]},"4":{"loc":{"start":{"line":43,"column":6},"end":{"line":47,"column":null}},"type":"if","locations":[{"start":{"line":43,"column":6},"end":{"line":47,"column":null}},{"start":{"line":45,"column":13},"end":{"line":47,"column":null}}]},"5":{"loc":{"start":{"line":44,"column":19},"end":{"line":44,"column":null}},"type":"cond-expr","locations":[{"start":{"line":44,"column":79},"end":{"line":44,"column":88}},{"start":{"line":44,"column":88},"end":{"line":44,"column":null}}]},"6":{"loc":{"start":{"line":53,"column":6},"end":{"line":57,"column":null}},"type":"if","locations":[{"start":{"line":53,"column":6},"end":{"line":57,"column":null}},{"start":{"line":55,"column":13},"end":{"line":57,"column":null}}]}},"s":{"0":8,"1":3,"2":1,"3":1,"4":3,"5":3,"6":0,"7":3,"8":8,"9":8,"10":8,"11":7,"12":7,"13":0,"14":8,"15":7,"16":7,"17":7,"18":0,"19":7,"20":7,"21":7,"22":0,"23":7,"24":7,"25":7,"26":7,"27":7,"28":7,"29":8,"30":0,"31":0},"f":{"0":3,"1":8,"2":7,"3":7,"4":7,"5":7,"6":0},"b":{"0":[0,3],"1":[8],"2":[0,7],"3":[7,0],"4":[7,0],"5":[0,7],"6":[0,7]}}
,"/Users/stevebargelt/code/wnba-led-scoreboard/web-admin/src/lib/schema.ts": {"path":"/Users/stevebargelt/code/wnba-led-scoreboard/web-admin/src/lib/schema.ts","statementMap":{"0":{"start":{"line":3,"column":29},"end":{"line":58,"column":10}},"1":{"start":{"line":61,"column":14},"end":{"line":61,"column":null}},"2":{"start":{"line":62,"column":2},"end":{"line":62,"column":null}}},"fnMap":{"0":{"name":"makeValidator","decl":{"start":{"line":60,"column":16},"end":{"line":60,"column":null}},"loc":{"start":{"line":60,"column":16},"end":{"line":63,"column":null}}}},"branchMap":{},"s":{"0":0,"1":0,"2":0},"f":{"0":0},"b":{}}
,"/Users/stevebargelt/code/wnba-led-scoreboard/web-admin/src/lib/supabaseClient.ts": {"path":"/Users/stevebargelt/code/wnba-led-scoreboard/web-admin/src/lib/supabaseClient.ts","statementMap":{"0":{"start":{"line":3,"column":20},"end":{"line":3,"column":56}},"1":{"start":{"line":4,"column":24},"end":{"line":4,"column":65}},"2":{"start":{"line":6,"column":24},"end":{"line":6,"column":66}}},"fnMap":{},"branchMap":{},"s":{"0":0,"1":0,"2":0},"f":{},"b":{}}
,"/Users/stevebargelt/code/wnba-led-scoreboard/web-admin/src/lib/wnbaTeams.ts": {"path":"/Users/stevebargelt/code/wnba-led-scoreboard/web-admin/src/lib/wnbaTeams.ts","statementMap":{"0":{"start":{"line":3,"column":33},"end":{"line":16,"column":null}}},"fnMap":{},"branchMap":{},"s":{"0":0},"f":{},"b":{}}
,"/Users/stevebargelt/code/wnba-led-scoreboard/web-admin/src/pages/index.tsx": {"path":"/Users/stevebargelt/code/wnba-led-scoreboard/web-admin/src/pages/index.tsx","statementMap":{"0":{"start":{"line":10,"column":24},"end":{"line":10,"column":null}},"1":{"start":{"line":1,"column":36},"end":{"line":1,"column":null}},"2":{"start":{"line":2,"column":17},"end":{"line":2,"column":null}},"3":{"start":{"line":3,"column":25},"end":{"line":3,"column":null}},"4":{"start":{"line":4,"column":23},"end":{"line":4,"column":null}},"5":{"start":{"line":5,"column":72},"end":{"line":5,"column":null}},"6":{"start":{"line":6,"column":35},"end":{"line":6,"column":null}},"7":{"start":{"line":11,"column":28},"end":{"line":11,"column":null}},"8":{"start":{"line":12,"column":34},"end":{"line":12,"column":null}},"9":{"start":{"line":13,"column":32},"end":{"line":13,"column":null}},"10":{"start":{"line":14,"column":32},"end":{"line":14,"column":null}},"11":{"start":{"line":15,"column":32},"end":{"line":15,"column":null}},"12":{"start":{"line":16,"column":32},"end":{"line":16,"column":null}},"13":{"start":{"line":17,"column":44},"end":{"line":17,"column":null}},"14":{"start":{"line":19,"column":2},"end":{"line":23,"column":null}},"15":{"start":{"line":20,"column":4},"end":{"line":20,"column":null}},"16":{"start":{"line":20,"column":50},"end":{"line":20,"column":null}},"17":{"start":{"line":21,"column":26},"end":{"line":21,"column":null}},"18":{"start":{"line":21,"column":79},"end":{"line":21,"column":null}},"19":{"start":{"line":22,"column":4},"end":{"line":22,"column":null}},"20":{"start":{"line":22,"column":17},"end":{"line":22,"column":null}},"21":{"start":{"line":25,"column":2},"end":{"line":36,"column":null}},"22":{"start":{"line":26,"column":4},"end":{"line":26,"column":null}},"23":{"start":{"line":26,"column":18},"end":{"line":26,"column":null}},"24":{"start":{"line":27,"column":6},"end":{"line":35,"column":null}},"25":{"start":{"line":28,"column":6},"end":{"line":28,"column":null}},"26":{"start":{"line":29,"column":30},"end":{"line":32,"column":null}},"27":{"start":{"line":33,"column":6},"end":{"line":33,"column":null}},"28":{"start":{"line":33,"column":26},"end":{"line":33,"column":null}},"29":{"start":{"line":34,"column":6},"end":{"line":34,"column":null}},"30":{"start":{"line":38,"column":23},"end":{"line":60,"column":null}},"31":{"start":{"line":39,"column":4},"end":{"line":39,"column":null}},"32":{"start":{"line":40,"column":4},"end":{"line":43,"column":null}},"33":{"start":{"line":41,"column":6},"end":{"line":41,"column":null}},"34":{"start":{"line":42,"column":6},"end":{"line":42,"column":null}},"35":{"start":{"line":44,"column":31},"end":{"line":44,"column":null}},"36":{"start":{"line":45,"column":4},"end":{"line":48,"column":null}},"37":{"start":{"line":46,"column":6},"end":{"line":46,"column":null}},"38":{"start":{"line":47,"column":6},"end":{"line":47,"column":null}},"39":{"start":{"line":49,"column":28},"end":{"line":53,"column":null}},"40":{"start":{"line":54,"column":4},"end":{"line":59,"column":null}},"41":{"start":{"line":54,"column":15},"end":{"line":54,"column":null}},"42":{"start":{"line":56,"column":6},"end":{"line":56,"column":null}},"43":{"start":{"line":56,"column":25},"end":{"line":56,"column":null}},"44":{"start":{"line":57,"column":6},"end":{"line":57,"column":null}},"45":{"start":{"line":58,"column":6},"end":{"line":58,"column":null}},"46":{"start":{"line":62,"column":17},"end":{"line":70,"column":null}},"47":{"start":{"line":63,"column":4},"end":{"line":63,"column":null}},"48":{"start":{"line":64,"column":4},"end":{"line":67,"column":null}},"49":{"start":{"line":65,"column":6},"end":{"line":65,"column":null}},"50":{"start":{"line":66,"column":6},"end":{"line":66,"column":null}},"51":{"start":{"line":68,"column":22},"end":{"line":68,"column":null}},"52":{"start":{"line":69,"column":4},"end":{"line":69,"column":null}},"53":{"start":{"line":69,"column":15},"end":{"line":69,"column":null}},"54":{"start":{"line":72,"column":17},"end":{"line":85,"column":null}},"55":{"start":{"line":73,"column":4},"end":{"line":73,"column":null}},"56":{"start":{"line":74,"column":4},"end":{"line":77,"column":null}},"57":{"start":{"line":75,"column":6},"end":{"line":75,"column":null}},"58":{"start":{"line":76,"column":6},"end":{"line":76,"column":null}},"59":{"start":{"line":78,"column":22},"end":{"line":82,"column":null}},"60":{"start":{"line":83,"column":4},"end":{"line":84,"column":null}},"61":{"start":{"line":83,"column":15},"end":{"line":83,"column":null}},"62":{"start":{"line":84,"column":9},"end":{"line":84,"column":null}},"63":{"start":{"line":87,"column":25},"end":{"line":92,"column":null}},"64":{"start":{"line":88,"column":4},"end":{"line":88,"column":null}},"65":{"start":{"line":88,"column":23},"end":{"line":88,"column":null}},"66":{"start":{"line":89,"column":17},"end":{"line":89,"column":null}},"67":{"start":{"line":90,"column":16},"end":{"line":90,"column":null}},"68":{"start":{"line":94,"column":2},"end":{"line":138,"column":null}},"69":{"start":{"line":111,"column":29},"end":{"line":111,"column":null}},"70":{"start":{"line":119,"column":29},"end":{"line":119,"column":null}},"71":{"start":{"line":155,"column":55},"end":{"line":155,"column":80}},"72":{"start":{"line":170,"column":29},"end":{"line":170,"column":null}},"73":{"start":{"line":200,"column":16},"end":{"line":201,"column":null}}},"fnMap":{"0":{"name":"Home","decl":{"start":{"line":10,"column":24},"end":{"line":10,"column":null}},"loc":{"start":{"line":10,"column":24},"end":{"line":235,"column":null}}},"1":{"name":"(anonymous_3)","decl":{"start":{"line":19,"column":12},"end":{"line":19,"column":null}},"loc":{"start":{"line":19,"column":12},"end":{"line":23,"column":5}}},"2":{"name":"(anonymous_4)","decl":{"start":{"line":20,"column":36},"end":{"line":20,"column":37}},"loc":{"start":{"line":20,"column":50},"end":{"line":20,"column":null}}},"3":{"name":"(anonymous_5)","decl":{"start":{"line":21,"column":58},"end":{"line":21,"column":59}},"loc":{"start":{"line":21,"column":79},"end":{"line":21,"column":null}}},"4":{"name":"(anonymous_6)","decl":{"start":{"line":22,"column":11},"end":{"line":22,"column":17}},"loc":{"start":{"line":22,"column":17},"end":{"line":22,"column":null}}},"5":{"name":"(anonymous_7)","decl":{"start":{"line":25,"column":12},"end":{"line":25,"column":null}},"loc":{"start":{"line":25,"column":12},"end":{"line":36,"column":5}}},"6":{"name":"(anonymous_8)","decl":{"start":{"line":27,"column":6},"end":{"line":27,"column":null}},"loc":{"start":{"line":27,"column":6},"end":{"line":35,"column":null}}},"7":{"name":"(anonymous_9)","decl":{"start":{"line":38,"column":23},"end":{"line":38,"column":null}},"loc":{"start":{"line":38,"column":23},"end":{"line":60,"column":null}}},"8":{"name":"(anonymous_10)","decl":{"start":{"line":56,"column":17},"end":{"line":56,"column":25}},"loc":{"start":{"line":56,"column":25},"end":{"line":56,"column":null}}},"9":{"name":"(anonymous_11)","decl":{"start":{"line":62,"column":17},"end":{"line":62,"column":null}},"loc":{"start":{"line":62,"column":17},"end":{"line":70,"column":null}}},"10":{"name":"(anonymous_12)","decl":{"start":{"line":72,"column":17},"end":{"line":72,"column":null}},"loc":{"start":{"line":72,"column":17},"end":{"line":85,"column":null}}},"11":{"name":"(anonymous_13)","decl":{"start":{"line":87,"column":25},"end":{"line":87,"column":26}},"loc":{"start":{"line":87,"column":26},"end":{"line":92,"column":null}}},"12":{"name":"(anonymous_14)","decl":{"start":{"line":111,"column":24},"end":{"line":111,"column":29}},"loc":{"start":{"line":111,"column":29},"end":{"line":111,"column":null}}},"13":{"name":"(anonymous_15)","decl":{"start":{"line":119,"column":24},"end":{"line":119,"column":29}},"loc":{"start":{"line":119,"column":29},"end":{"line":119,"column":null}}},"14":{"name":"(anonymous_16)","decl":{"start":{"line":155,"column":49},"end":{"line":155,"column":55}},"loc":{"start":{"line":155,"column":55},"end":{"line":155,"column":80}}},"15":{"name":"(anonymous_17)","decl":{"start":{"line":170,"column":24},"end":{"line":170,"column":29}},"loc":{"start":{"line":170,"column":29},"end":{"line":170,"column":null}}},"16":{"name":"(anonymous_18)","decl":{"start":{"line":199,"column":27},"end":{"line":199,"column":null}},"loc":{"start":{"line":200,"column":16},"end":{"line":201,"column":null}}}},"branchMap":{"0":{"loc":{"start":{"line":26,"column":4},"end":{"line":26,"column":null}},"type":"if","locations":[{"start":{"line":26,"column":4},"end":{"line":26,"column":null}},{"start":{},"end":{}}]},"1":{"loc":{"start":{"line":33,"column":6},"end":{"line":33,"column":null}},"type":"if","locations":[{"start":{"line":33,"column":6},"end":{"line":33,"column":null}},{"start":{},"end":{}}]},"2":{"loc":{"start":{"line":33,"column":10},"end":{"line":33,"column":26}},"type":"binary-expr","locations":[{"start":{"line":33,"column":10},"end":{"line":33,"column":20}},{"start":{"line":33,"column":20},"end":{"line":33,"column":26}}]},"3":{"loc":{"start":{"line":40,"column":4},"end":{"line":43,"column":null}},"type":"if","locations":[{"start":{"line":40,"column":4},"end":{"line":43,"column":null}},{"start":{},"end":{}}]},"4":{"loc":{"start":{"line":45,"column":4},"end":{"line":48,"column":null}},"type":"if","locations":[{"start":{"line":45,"column":4},"end":{"line":48,"column":null}},{"start":{},"end":{}}]},"5":{"loc":{"start":{"line":54,"column":4},"end":{"line":59,"column":null}},"type":"if","locations":[{"start":{"line":54,"column":4},"end":{"line":59,"column":null}},{"start":{"line":55,"column":9},"end":{"line":59,"column":null}}]},"6":{"loc":{"start":{"line":64,"column":4},"end":{"line":67,"column":null}},"type":"if","locations":[{"start":{"line":64,"column":4},"end":{"line":67,"column":null}},{"start":{},"end":{}}]},"7":{"loc":{"start":{"line":64,"column":8},"end":{"line":64,"column":29}},"type":"binary-expr","locations":[{"start":{"line":64,"column":8},"end":{"line":64,"column":18}},{"start":{"line":64,"column":18},"end":{"line":64,"column":29}}]},"8":{"loc":{"start":{"line":69,"column":4},"end":{"line":69,"column":null}},"type":"if","locations":[{"start":{"line":69,"column":4},"end":{"line":69,"column":null}},{"start":{},"end":{}}]},"9":{"loc":{"start":{"line":74,"column":4},"end":{"line":77,"column":null}},"type":"if","locations":[{"start":{"line":74,"column":4},"end":{"line":77,"column":null}},{"start":{},"end":{}}]},"10":{"loc":{"start":{"line":74,"column":8},"end":{"line":74,"column":29}},"type":"binary-expr","locations":[{"start":{"line":74,"column":8},"end":{"line":74,"column":18}},{"start":{"line":74,"column":18},"end":{"line":74,"column":29}}]},"11":{"loc":{"start":{"line":83,"column":4},"end":{"line":84,"column":null}},"type":"if","locations":[{"start":{"line":83,"column":4},"end":{"line":84,"column":null}},{"start":{"line":84,"column":9},"end":{"line":84,"column":null}}]},"12":{"loc":{"start":{"line":88,"column":4},"end":{"line":88,"column":null}},"type":"if","locations":[{"start":{"line":88,"column":4},"end":{"line":88,"column":null}},{"start":{},"end":{}}]},"13":{"loc":{"start":{"line":94,"column":2},"end":{"line":138,"column":null}},"type":"if","locations":[{"start":{"line":94,"column":2},"end":{"line":138,"column":null}},{"start":{},"end":{}}]},"14":{"loc":{"start":{"line":131,"column":13},"end":{"line":131,"column":null}},"type":"binary-expr","locations":[{"start":{"line":131,"column":13},"end":{"line":131,"column":null}}]},"15":{"loc":{"start":{"line":177,"column":11},"end":{"line":177,"column":22}},"type":"binary-expr","locations":[{"start":{"line":177,"column":11},"end":{"line":177,"column":22}}]},"16":{"loc":{"start":{"line":187,"column":12},"end":{"line":191,"column":22}},"type":"cond-expr","locations":[{"start":{"line":187,"column":12},"end":{"line":191,"column":22}}]},"17":{"loc":{"start":{"line":192,"column":12},"end":{"line":198,"column":13}},"type":"cond-expr","locations":[{"start":{"line":192,"column":12},"end":{"line":198,"column":13}}]},"18":{"loc":{"start":{"line":213,"column":25},"end":{"line":215,"column":null}},"type":"cond-expr","locations":[{"start":{"line":214,"column":28},"end":{"line":214,"column":null}},{"start":{"line":215,"column":28},"end":{"line":215,"column":null}}]}},"s":{"0":5,"1":1,"2":1,"3":1,"4":1,"5":1,"6":1,"7":5,"8":5,"9":5,"10":5,"11":5,"12":5,"13":5,"14":5,"15":5,"16":5,"17":5,"18":0,"19":5,"20":5,"21":5,"22":5,"23":5,"24":0,"25":0,"26":0,"27":0,"28":0,"29":0,"30":5,"31":0,"32":0,"33":0,"34":0,"35":0,"36":0,"37":0,"38":0,"39":0,"40":0,"41":0,"42":0,"43":0,"44":0,"45":0,"46":5,"47":0,"48":0,"49":0,"50":0,"51":0,"52":0,"53":0,"54":5,"55":0,"56":0,"57":0,"58":0,"59":0,"60":0,"61":0,"62":0,"63":5,"64":0,"65":0,"66":0,"67":0,"68":5,"69":0,"70":0,"71":0,"72":0,"73":0},"f":{"0":5,"1":5,"2":5,"3":0,"4":5,"5":5,"6":0,"7":0,"8":0,"9":0,"10":0,"11":0,"12":0,"13":0,"14":0,"15":0,"16":0},"b":{"0":[5,0],"1":[0,0],"2":[0,0],"3":[0,0],"4":[0,0],"5":[0,0],"6":[0,0],"7":[0,0],"8":[0,0],"9":[0,0],"10":[0,0],"11":[0,0],"12":[0,0],"13":[5,0],"14":[5],"15":[0],"16":[0],"17":[0],"18":[0,0]}}
,"/Users/stevebargelt/code/wnba-led-scoreboard/web-admin/src/pages/register.tsx": {"path":"/Users/stevebargelt/code/wnba-led-scoreboard/web-admin/src/pages/register.tsx","statementMap":{"0":{"start":{"line":10,"column":24},"end":{"line":10,"column":null}},"1":{"start":{"line":1,"column":25},"end":{"line":1,"column":null}},"2":{"start":{"line":2,"column":17},"end":{"line":2,"column":null}},"3":{"start":{"line":3,"column":25},"end":{"line":3,"column":null}},"4":{"start":{"line":4,"column":23},"end":{"line":4,"column":null}},"5":{"start":{"line":5,"column":59},"end":{"line":5,"column":null}},"6":{"start":{"line":6,"column":66},"end":{"line":6,"column":null}},"7":{"start":{"line":8,"column":16},"end":{"line":8,"column":66}},"8":{"start":{"line":11,"column":26},"end":{"line":11,"column":null}},"9":{"start":{"line":12,"column":32},"end":{"line":12,"column":null}},"10":{"start":{"line":13,"column":34},"end":{"line":13,"column":null}},"11":{"start":{"line":14,"column":28},"end":{"line":14,"column":null}},"12":{"start":{"line":15,"column":30},"end":{"line":15,"column":null}},"13":{"start":{"line":16,"column":32},"end":{"line":16,"column":null}},"14":{"start":{"line":18,"column":17},"end":{"line":80,"column":null}},"15":{"start":{"line":19,"column":4},"end":{"line":19,"column":null}},"16":{"start":{"line":20,"column":4},"end":{"line":20,"column":null}},"17":{"start":{"line":21,"column":4},"end":{"line":25,"column":null}},"18":{"start":{"line":22,"column":6},"end":{"line":22,"column":null}},"19":{"start":{"line":23,"column":6},"end":{"line":23,"column":null}},"20":{"start":{"line":24,"column":6},"end":{"line":24,"column":null}},"21":{"start":{"line":27,"column":4},"end":{"line":79,"column":null}},"22":{"start":{"line":28,"column":33},"end":{"line":28,"column":null}},"23":{"start":{"line":29,"column":6},"end":{"line":33,"column":null}},"24":{"start":{"line":30,"column":8},"end":{"line":30,"column":null}},"25":{"start":{"line":31,"column":8},"end":{"line":31,"column":null}},"26":{"start":{"line":32,"column":8},"end":{"line":32,"column":null}},"27":{"start":{"line":35,"column":30},"end":{"line":39,"column":null}},"28":{"start":{"line":41,"column":6},"end":{"line":45,"column":null}},"29":{"start":{"line":42,"column":8},"end":{"line":42,"column":null}},"30":{"start":{"line":43,"column":8},"end":{"line":43,"column":null}},"31":{"start":{"line":44,"column":8},"end":{"line":44,"column":null}},"32":{"start":{"line":47,"column":6},"end":{"line":47,"column":null}},"33":{"start":{"line":50,"column":29},"end":{"line":50,"column":null}},"34":{"start":{"line":51,"column":18},"end":{"line":51,"column":null}},"35":{"start":{"line":52,"column":6},"end":{"line":56,"column":null}},"36":{"start":{"line":53,"column":8},"end":{"line":53,"column":null}},"37":{"start":{"line":54,"column":8},"end":{"line":54,"column":null}},"38":{"start":{"line":55,"column":8},"end":{"line":55,"column":null}},"39":{"start":{"line":58,"column":19},"end":{"line":66,"column":null}},"40":{"start":{"line":68,"column":19},"end":{"line":68,"column":null}},"41":{"start":{"line":69,"column":6},"end":{"line":74,"column":null}},"42":{"start":{"line":70,"column":8},"end":{"line":70,"column":null}},"43":{"start":{"line":71,"column":8},"end":{"line":71,"column":null}},"44":{"start":{"line":73,"column":8},"end":{"line":73,"column":null}},"45":{"start":{"line":76,"column":6},"end":{"line":76,"column":null}},"46":{"start":{"line":78,"column":6},"end":{"line":78,"column":null}},"47":{"start":{"line":83,"column":4},"end":{"line":91,"column":null}},"48":{"start":{"line":93,"column":19},"end":{"line":102,"column":null}},"49":{"start":{"line":94,"column":4},"end":{"line":101,"column":null}},"50":{"start":{"line":95,"column":6},"end":{"line":95,"column":null}},"51":{"start":{"line":96,"column":6},"end":{"line":96,"column":null}},"52":{"start":{"line":97,"column":6},"end":{"line":97,"column":null}},"53":{"start":{"line":97,"column":23},"end":{"line":97,"column":38}},"54":{"start":{"line":99,"column":6},"end":{"line":99,"column":null}},"55":{"start":{"line":100,"column":6},"end":{"line":100,"column":null}},"56":{"start":{"line":100,"column":23},"end":{"line":100,"column":38}},"57":{"start":{"line":138,"column":29},"end":{"line":138,"column":null}},"58":{"start":{"line":180,"column":35},"end":{"line":180,"column":null}},"59":{"start":{"line":203,"column":39},"end":{"line":203,"column":null}},"60":{"start":{"line":231,"column":39},"end":{"line":231,"column":null}}},"fnMap":{"0":{"name":"RegisterDevice","decl":{"start":{"line":10,"column":24},"end":{"line":10,"column":null}},"loc":{"start":{"line":10,"column":24},"end":{"line":278,"column":null}}},"1":{"name":"(anonymous_3)","decl":{"start":{"line":18,"column":17},"end":{"line":18,"column":null}},"loc":{"start":{"line":18,"column":17},"end":{"line":80,"column":null}}},"2":{"name":"(anonymous_4)","decl":{"start":{"line":93,"column":19},"end":{"line":93,"column":26}},"loc":{"start":{"line":93,"column":40},"end":{"line":102,"column":null}}},"3":{"name":"(anonymous_5)","decl":{"start":{"line":97,"column":17},"end":{"line":97,"column":23}},"loc":{"start":{"line":97,"column":23},"end":{"line":97,"column":38}}},"4":{"name":"(anonymous_6)","decl":{"start":{"line":100,"column":17},"end":{"line":100,"column":23}},"loc":{"start":{"line":100,"column":23},"end":{"line":100,"column":38}}},"5":{"name":"(anonymous_7)","decl":{"start":{"line":138,"column":24},"end":{"line":138,"column":29}},"loc":{"start":{"line":138,"column":29},"end":{"line":138,"column":null}}},"6":{"name":"(anonymous_8)","decl":{"start":{"line":180,"column":29},"end":{"line":180,"column":35}},"loc":{"start":{"line":180,"column":35},"end":{"line":180,"column":null}}},"7":{"name":"(anonymous_9)","decl":{"start":{"line":203,"column":33},"end":{"line":203,"column":39}},"loc":{"start":{"line":203,"column":39},"end":{"line":203,"column":null}}},"8":{"name":"(anonymous_10)","decl":{"start":{"line":231,"column":33},"end":{"line":231,"column":39}},"loc":{"start":{"line":231,"column":39},"end":{"line":231,"column":null}}}},"branchMap":{"0":{"loc":{"start":{"line":21,"column":4},"end":{"line":25,"column":null}},"type":"if","locations":[{"start":{"line":21,"column":4},"end":{"line":25,"column":null}},{"start":{},"end":{}}]},"1":{"loc":{"start":{"line":29,"column":6},"end":{"line":33,"column":null}},"type":"if","locations":[{"start":{"line":29,"column":6},"end":{"line":33,"column":null}},{"start":{},"end":{}}]},"2":{"loc":{"start":{"line":41,"column":6},"end":{"line":45,"column":null}},"type":"if","locations":[{"start":{"line":41,"column":6},"end":{"line":45,"column":null}},{"start":{},"end":{}}]},"3":{"loc":{"start":{"line":52,"column":6},"end":{"line":56,"column":null}},"type":"if","locations":[{"start":{"line":52,"column":6},"end":{"line":56,"column":null}},{"start":{},"end":{}}]},"4":{"loc":{"start":{"line":69,"column":6},"end":{"line":74,"column":null}},"type":"if","locations":[{"start":{"line":69,"column":6},"end":{"line":74,"column":null}},{"start":{"line":72,"column":13},"end":{"line":74,"column":null}}]},"5":{"loc":{"start":{"line":69,"column":10},"end":{"line":69,"column":31}},"type":"binary-expr","locations":[{"start":{"line":69,"column":10},"end":{"line":69,"column":17}},{"start":{"line":69,"column":21},"end":{"line":69,"column":31}}]},"6":{"loc":{"start":{"line":73,"column":35},"end":{"line":73,"column":66}},"type":"binary-expr","locations":[{"start":{"line":73,"column":35},"end":{"line":73,"column":45}},{"start":{"line":73,"column":49},"end":{"line":73,"column":66}}]},"7":{"loc":{"start":{"line":83,"column":4},"end":{"line":91,"column":null}},"type":"cond-expr","locations":[{"start":{"line":84,"column":8},"end":{"line":90,"column":36}},{"start":{"line":91,"column":8},"end":{"line":91,"column":null}}]},"8":{"loc":{"start":{"line":83,"column":4},"end":{"line":83,"column":null}},"type":"binary-expr","locations":[{"start":{"line":83,"column":4},"end":{"line":83,"column":16}},{"start":{"line":83,"column":16},"end":{"line":83,"column":null}}]},"9":{"loc":{"start":{"line":146,"column":13},"end":{"line":146,"column":null}},"type":"binary-expr","locations":[{"start":{"line":146,"column":13},"end":{"line":146,"column":null}}]},"10":{"loc":{"start":{"line":149,"column":18},"end":{"line":151,"column":null}},"type":"cond-expr","locations":[{"start":{"line":150,"column":22},"end":{"line":150,"column":null}},{"start":{"line":151,"column":22},"end":{"line":151,"column":null}}]},"11":{"loc":{"start":{"line":161,"column":9},"end":{"line":161,"column":null}},"type":"binary-expr","locations":[{"start":{"line":161,"column":9},"end":{"line":161,"column":null}}]},"12":{"loc":{"start":{"line":190,"column":15},"end":{"line":190,"column":null}},"type":"binary-expr","locations":[{"start":{"line":190,"column":15},"end":{"line":190,"column":null}}]},"13":{"loc":{"start":{"line":265,"column":19},"end":{"line":265,"column":null}},"type":"binary-expr","locations":[{"start":{"line":265,"column":19},"end":{"line":265,"column":null}}]}},"s":{"0":3,"1":1,"2":1,"3":1,"4":1,"5":1,"6":1,"7":1,"8":3,"9":3,"10":3,"11":3,"12":3,"13":3,"14":3,"15":0,"16":0,"17":0,"18":0,"19":0,"20":0,"21":0,"22":0,"23":0,"24":0,"25":0,"26":0,"27":0,"28":0,"29":0,"30":0,"31":0,"32":0,"33":0,"34":0,"35":0,"36":0,"37":0,"38":0,"39":0,"40":0,"41":0,"42":0,"43":0,"44":0,"45":0,"46":0,"47":3,"48":3,"49":0,"50":0,"51":0,"52":0,"53":0,"54":0,"55":0,"56":0,"57":0,"58":0,"59":0,"60":0},"f":{"0":3,"1":0,"2":0,"3":0,"4":0,"5":0,"6":0,"7":0,"8":0},"b":{"0":[0,0],"1":[0,0],"2":[0,0],"3":[0,0],"4":[0,0],"5":[0,0],"6":[0,0],"7":[0,3],"8":[3,0],"9":[3],"10":[0,0],"11":[3],"12":[0],"13":[0]}}
,"/Users/stevebargelt/code/wnba-led-scoreboard/web-admin/src/pages/api/teams.ts": {"path":"/Users/stevebargelt/code/wnba-led-scoreboard/web-admin/src/pages/api/teams.ts","statementMap":{"0":{"start":{"line":6,"column":2},"end":{"line":36,"column":null}},"1":{"start":{"line":7,"column":17},"end":{"line":7,"column":null}},"2":{"start":{"line":8,"column":17},"end":{"line":8,"column":null}},"3":{"start":{"line":9,"column":17},"end":{"line":9,"column":null}},"4":{"start":{"line":10,"column":17},"end":{"line":10,"column":null}},"5":{"start":{"line":12,"column":18},"end":{"line":16,"column":null}},"6":{"start":{"line":12,"column":54},"end":{"line":16,"column":null}},"7":{"start":{"line":17,"column":4},"end":{"line":17,"column":null}},"8":{"start":{"line":20,"column":4},"end":{"line":35,"column":null}}},"fnMap":{"0":{"name":"handler","decl":{"start":{"line":5,"column":30},"end":{"line":5,"column":38}},"loc":{"start":{"line":5,"column":80},"end":{"line":37,"column":null}}},"1":{"name":"(anonymous_1)","decl":{"start":{"line":12,"column":41},"end":{"line":12,"column":42}},"loc":{"start":{"line":12,"column":54},"end":{"line":16,"column":null}}}},"branchMap":{"0":{"loc":{"start":{"line":12,"column":19},"end":{"line":12,"column":35}},"type":"binary-expr","locations":[{"start":{"line":12,"column":19},"end":{"line":12,"column":29}},{"start":{"line":12,"column":33},"end":{"line":12,"column":35}}]},"1":{"loc":{"start":{"line":14,"column":12},"end":{"line":14,"column":35}},"type":"binary-expr","locations":[{"start":{"line":14,"column":12},"end":{"line":14,"column":18}},{"start":{"line":14,"column":22},"end":{"line":14,"column":35}}]},"2":{"loc":{"start":{"line":15,"column":13},"end":{"line":15,"column":24}},"type":"binary-expr","locations":[{"start":{"line":15,"column":13},"end":{"line":15,"column":19}},{"start":{"line":15,"column":23},"end":{"line":15,"column":24}}]}},"s":{"0":0,"1":0,"2":0,"3":0,"4":0,"5":0,"6":0,"7":0,"8":0},"f":{"0":0,"1":0},"b":{"0":[0,0],"1":[0,0],"2":[0,0]}}
,"/Users/stevebargelt/code/wnba-led-scoreboard/web-admin/src/pages/device/[id].tsx": {"path":"/Users/stevebargelt/code/wnba-led-scoreboard/web-admin/src/pages/device/[id].tsx","statementMap":{"0":{"start":{"line":20,"column":18},"end":{"line":20,"column":66}},"1":{"start":{"line":21,"column":18},"end":{"line":21,"column":60}},"2":{"start":{"line":22,"column":16},"end":{"line":22,"column":66}},"3":{"start":{"line":25,"column":17},"end":{"line":25,"column":null}},"4":{"start":{"line":26,"column":17},"end":{"line":26,"column":29}},"5":{"start":{"line":27,"column":38},"end":{"line":27,"column":null}},"6":{"start":{"line":28,"column":30},"end":{"line":32,"column":null}},"7":{"start":{"line":33,"column":30},"end":{"line":33,"column":null}},"8":{"start":{"line":34,"column":32},"end":{"line":34,"column":null}},"9":{"start":{"line":35,"column":32},"end":{"line":35,"column":null}},"10":{"start":{"line":36,"column":40},"end":{"line":36,"column":null}},"11":{"start":{"line":37,"column":36},"end":{"line":39,"column":null}},"12":{"start":{"line":40,"column":30},"end":{"line":40,"column":null}},"13":{"start":{"line":42,"column":4},"end":{"line":42,"column":null}},"14":{"start":{"line":43,"column":40},"end":{"line":43,"column":null}},"15":{"start":{"line":44,"column":42},"end":{"line":44,"column":null}},"16":{"start":{"line":46,"column":19},"end":{"line":60,"column":null}},"17":{"start":{"line":61,"column":34},"end":{"line":61,"column":null}},"18":{"start":{"line":62,"column":30},"end":{"line":62,"column":null}},"19":{"start":{"line":63,"column":38},"end":{"line":63,"column":null}},"20":{"start":{"line":64,"column":36},"end":{"line":64,"column":null}},"21":{"start":{"line":66,"column":2},"end":{"line":103,"column":null}},"22":{"start":{"line":67,"column":4},"end":{"line":67,"column":null}},"23":{"start":{"line":67,"column":13},"end":{"line":67,"column":null}},"24":{"start":{"line":68,"column":6},"end":{"line":102,"column":null}},"25":{"start":{"line":70,"column":6},"end":{"line":74,"column":null}},"26":{"start":{"line":71,"column":18},"end":{"line":71,"column":null}},"27":{"start":{"line":72,"column":18},"end":{"line":72,"column":null}},"28":{"start":{"line":73,"column":8},"end":{"line":73,"column":null}},"29":{"start":{"line":73,"column":54},"end":{"line":73,"column":null}},"30":{"start":{"line":76,"column":23},"end":{"line":82,"column":null}},"31":{"start":{"line":83,"column":6},"end":{"line":83,"column":null}},"32":{"start":{"line":83,"column":25},"end":{"line":83,"column":null}},"33":{"start":{"line":84,"column":6},"end":{"line":84,"column":null}},"34":{"start":{"line":84,"column":36},"end":{"line":84,"column":null}},"35":{"start":{"line":85,"column":6},"end":{"line":85,"column":null}},"36":{"start":{"line":85,"column":44},"end":{"line":85,"column":null}},"37":{"start":{"line":86,"column":6},"end":{"line":86,"column":null}},"38":{"start":{"line":86,"column":42},"end":{"line":86,"column":null}},"39":{"start":{"line":87,"column":6},"end":{"line":87,"column":null}},"40":{"start":{"line":87,"column":43},"end":{"line":87,"column":null}},"41":{"start":{"line":88,"column":6},"end":{"line":88,"column":null}},"42":{"start":{"line":88,"column":42},"end":{"line":88,"column":null}},"43":{"start":{"line":89,"column":28},"end":{"line":93,"column":null}},"44":{"start":{"line":94,"column":6},"end":{"line":94,"column":null}},"45":{"start":{"line":94,"column":15},"end":{"line":94,"column":null}},"46":{"start":{"line":95,"column":27},"end":{"line":100,"column":null}},"47":{"start":{"line":101,"column":6},"end":{"line":101,"column":null}},"48":{"start":{"line":101,"column":14},"end":{"line":101,"column":null}},"49":{"start":{"line":106,"column":2},"end":{"line":138,"column":null}},"50":{"start":{"line":107,"column":4},"end":{"line":107,"column":null}},"51":{"start":{"line":107,"column":13},"end":{"line":107,"column":null}},"52":{"start":{"line":108,"column":20},"end":{"line":134,"column":null}},"53":{"start":{"line":114,"column":10},"end":{"line":114,"column":null}},"54":{"start":{"line":121,"column":10},"end":{"line":130,"column":null}},"55":{"start":{"line":122,"column":12},"end":{"line":130,"column":null}},"56":{"start":{"line":135,"column":4},"end":{"line":137,"column":null}},"57":{"start":{"line":136,"column":6},"end":{"line":136,"column":null}},"58":{"start":{"line":140,"column":22},"end":{"line":189,"column":null}},"59":{"start":{"line":141,"column":4},"end":{"line":141,"column":null}},"60":{"start":{"line":141,"column":13},"end":{"line":141,"column":null}},"61":{"start":{"line":142,"column":4},"end":{"line":188,"column":null}},"62":{"start":{"line":143,"column":19},"end":{"line":143,"column":null}},"63":{"start":{"line":144,"column":22},"end":{"line":151,"column":null}},"64":{"start":{"line":152,"column":23},"end":{"line":152,"column":null}},"65":{"start":{"line":153,"column":17},"end":{"line":153,"column":null}},"66":{"start":{"line":154,"column":6},"end":{"line":162,"column":null}},"67":{"start":{"line":155,"column":20},"end":{"line":155,"column":40}},"68":{"start":{"line":156,"column":21},"end":{"line":156,"column":null}},"69":{"start":{"line":157,"column":20},"end":{"line":157,"column":null}},"70":{"start":{"line":158,"column":8},"end":{"line":158,"column":null}},"71":{"start":{"line":159,"column":8},"end":{"line":159,"column":null}},"72":{"start":{"line":160,"column":8},"end":{"line":160,"column":null}},"73":{"start":{"line":161,"column":8},"end":{"line":161,"column":null}},"74":{"start":{"line":163,"column":6},"end":{"line":163,"column":null}},"75":{"start":{"line":164,"column":6},"end":{"line":164,"column":null}},"76":{"start":{"line":165,"column":6},"end":{"line":165,"column":null}},"77":{"start":{"line":167,"column":29},"end":{"line":167,"column":null}},"78":{"start":{"line":168,"column":18},"end":{"line":168,"column":null}},"79":{"start":{"line":169,"column":6},"end":{"line":173,"column":null}},"80":{"start":{"line":170,"column":8},"end":{"line":170,"column":null}},"81":{"start":{"line":171,"column":8},"end":{"line":171,"column":null}},"82":{"start":{"line":172,"column":8},"end":{"line":172,"column":null}},"83":{"start":{"line":174,"column":19},"end":{"line":182,"column":null}},"84":{"start":{"line":183,"column":6},"end":{"line":183,"column":null}},"85":{"start":{"line":185,"column":6},"end":{"line":185,"column":null}},"86":{"start":{"line":187,"column":6},"end":{"line":187,"column":null}},"87":{"start":{"line":191,"column":21},"end":{"line":205,"column":null}},"88":{"start":{"line":192,"column":4},"end":{"line":192,"column":null}},"89":{"start":{"line":192,"column":13},"end":{"line":192,"column":null}},"90":{"start":{"line":193,"column":4},"end":{"line":193,"column":null}},"91":{"start":{"line":194,"column":17},"end":{"line":202,"column":null}},"92":{"start":{"line":203,"column":4},"end":{"line":203,"column":null}},"93":{"start":{"line":204,"column":4},"end":{"line":204,"column":null}},"94":{"start":{"line":207,"column":26},"end":{"line":240,"column":null}},"95":{"start":{"line":208,"column":4},"end":{"line":208,"column":null}},"96":{"start":{"line":208,"column":13},"end":{"line":208,"column":null}},"97":{"start":{"line":209,"column":4},"end":{"line":209,"column":null}},"98":{"start":{"line":210,"column":4},"end":{"line":210,"column":null}},"99":{"start":{"line":211,"column":4},"end":{"line":239,"column":null}},"100":{"start":{"line":212,"column":29},"end":{"line":212,"column":null}},"101":{"start":{"line":213,"column":18},"end":{"line":213,"column":null}},"102":{"start":{"line":214,"column":6},"end":{"line":218,"column":null}},"103":{"start":{"line":215,"column":8},"end":{"line":215,"column":null}},"104":{"start":{"line":216,"column":8},"end":{"line":216,"column":null}},"105":{"start":{"line":217,"column":8},"end":{"line":217,"column":null}},"106":{"start":{"line":219,"column":19},"end":{"line":227,"column":null}},"107":{"start":{"line":228,"column":19},"end":{"line":228,"column":null}},"108":{"start":{"line":229,"column":6},"end":{"line":234,"column":null}},"109":{"start":{"line":230,"column":8},"end":{"line":230,"column":null}},"110":{"start":{"line":231,"column":8},"end":{"line":231,"column":null}},"111":{"start":{"line":233,"column":8},"end":{"line":233,"column":null}},"112":{"start":{"line":236,"column":6},"end":{"line":236,"column":null}},"113":{"start":{"line":238,"column":6},"end":{"line":238,"column":null}},"114":{"start":{"line":242,"column":25},"end":{"line":246,"column":null}},"115":{"start":{"line":243,"column":4},"end":{"line":243,"column":null}},"116":{"start":{"line":243,"column":31},"end":{"line":243,"column":null}},"117":{"start":{"line":244,"column":17},"end":{"line":244,"column":null}},"118":{"start":{"line":245,"column":4},"end":{"line":245,"column":null}},"119":{"start":{"line":249,"column":22},"end":{"line":251,"column":null}},"120":{"start":{"line":250,"column":4},"end":{"line":250,"column":null}},"121":{"start":{"line":252,"column":17},"end":{"line":260,"column":null}},"122":{"start":{"line":253,"column":17},"end":{"line":253,"column":null}},"123":{"start":{"line":254,"column":4},"end":{"line":254,"column":null}},"124":{"start":{"line":254,"column":28},"end":{"line":254,"column":null}},"125":{"start":{"line":255,"column":4},"end":{"line":255,"column":null}},"126":{"start":{"line":256,"column":17},"end":{"line":256,"column":null}},"127":{"start":{"line":257,"column":20},"end":{"line":257,"column":null}},"128":{"start":{"line":258,"column":4},"end":{"line":258,"column":null}},"129":{"start":{"line":259,"column":4},"end":{"line":259,"column":null}},"130":{"start":{"line":261,"column":21},"end":{"line":261,"column":null}},"131":{"start":{"line":261,"column":60},"end":{"line":261,"column":null}},"132":{"start":{"line":262,"column":20},"end":{"line":262,"column":null}},"133":{"start":{"line":262,"column":35},"end":{"line":262,"column":null}},"134":{"start":{"line":262,"column":77},"end":{"line":262,"column":null}},"135":{"start":{"line":263,"column":17},"end":{"line":275,"column":null}},"136":{"start":{"line":264,"column":4},"end":{"line":264,"column":null}},"137":{"start":{"line":264,"column":29},"end":{"line":264,"column":null}},"138":{"start":{"line":265,"column":18},"end":{"line":265,"column":null}},"139":{"start":{"line":265,"column":37},"end":{"line":265,"column":null}},"140":{"start":{"line":266,"column":4},"end":{"line":273,"column":null}},"141":{"start":{"line":274,"column":4},"end":{"line":274,"column":null}},"142":{"start":{"line":276,"column":26},"end":{"line":296,"column":null}},"143":{"start":{"line":277,"column":18},"end":{"line":277,"column":null}},"144":{"start":{"line":278,"column":17},"end":{"line":293,"column":null}},"145":{"start":{"line":279,"column":6},"end":{"line":279,"column":null}},"146":{"start":{"line":279,"column":26},"end":{"line":279,"column":null}},"147":{"start":{"line":280,"column":21},"end":{"line":280,"column":null}},"148":{"start":{"line":280,"column":40},"end":{"line":280,"column":null}},"149":{"start":{"line":281,"column":21},"end":{"line":283,"column":null}},"150":{"start":{"line":282,"column":29},"end":{"line":282,"column":null}},"151":{"start":{"line":284,"column":20},"end":{"line":284,"column":null}},"152":{"start":{"line":285,"column":6},"end":{"line":285,"column":null}},"153":{"start":{"line":285,"column":18},"end":{"line":285,"column":null}},"154":{"start":{"line":286,"column":6},"end":{"line":286,"column":null}},"155":{"start":{"line":287,"column":6},"end":{"line":292,"column":null}},"156":{"start":{"line":294,"column":4},"end":{"line":294,"column":null}},"157":{"start":{"line":295,"column":4},"end":{"line":295,"column":null}},"158":{"start":{"line":297,"column":17},"end":{"line":303,"column":null}},"159":{"start":{"line":298,"column":4},"end":{"line":298,"column":null}},"160":{"start":{"line":298,"column":16},"end":{"line":298,"column":null}},"161":{"start":{"line":299,"column":17},"end":{"line":299,"column":null}},"162":{"start":{"line":300,"column":16},"end":{"line":300,"column":null}},"163":{"start":{"line":301,"column":4},"end":{"line":301,"column":null}},"164":{"start":{"line":302,"column":4},"end":{"line":302,"column":null}},"165":{"start":{"line":304,"column":19},"end":{"line":310,"column":null}},"166":{"start":{"line":305,"column":4},"end":{"line":305,"column":null}},"167":{"start":{"line":305,"column":35},"end":{"line":305,"column":null}},"168":{"start":{"line":306,"column":17},"end":{"line":306,"column":null}},"169":{"start":{"line":307,"column":16},"end":{"line":307,"column":null}},"170":{"start":{"line":308,"column":4},"end":{"line":308,"column":null}},"171":{"start":{"line":309,"column":4},"end":{"line":309,"column":null}},"172":{"start":{"line":311,"column":21},"end":{"line":332,"column":null}},"173":{"start":{"line":312,"column":20},"end":{"line":312,"column":null}},"174":{"start":{"line":313,"column":4},"end":{"line":320,"column":null}},"175":{"start":{"line":314,"column":6},"end":{"line":316,"column":null}},"176":{"start":{"line":315,"column":8},"end":{"line":315,"column":null}},"177":{"start":{"line":319,"column":6},"end":{"line":319,"column":null}},"178":{"start":{"line":321,"column":19},"end":{"line":329,"column":null}},"179":{"start":{"line":330,"column":4},"end":{"line":330,"column":null}},"180":{"start":{"line":331,"column":4},"end":{"line":331,"column":null}},"181":{"start":{"line":331,"column":22},"end":{"line":331,"column":null}},"182":{"start":{"line":334,"column":27},"end":{"line":359,"column":null}},"183":{"start":{"line":335,"column":4},"end":{"line":335,"column":null}},"184":{"start":{"line":335,"column":13},"end":{"line":335,"column":null}},"185":{"start":{"line":336,"column":4},"end":{"line":336,"column":null}},"186":{"start":{"line":337,"column":4},"end":{"line":337,"column":null}},"187":{"start":{"line":338,"column":4},"end":{"line":358,"column":null}},"188":{"start":{"line":339,"column":23},"end":{"line":345,"column":null}},"189":{"start":{"line":346,"column":6},"end":{"line":353,"column":null}},"190":{"start":{"line":347,"column":8},"end":{"line":347,"column":null}},"191":{"start":{"line":348,"column":8},"end":{"line":349,"column":null}},"192":{"start":{"line":349,"column":10},"end":{"line":349,"column":null}},"193":{"start":{"line":350,"column":8},"end":{"line":350,"column":null}},"194":{"start":{"line":352,"column":8},"end":{"line":352,"column":null}},"195":{"start":{"line":355,"column":6},"end":{"line":355,"column":null}},"196":{"start":{"line":357,"column":6},"end":{"line":357,"column":null}},"197":{"start":{"line":369,"column":29},"end":{"line":369,"column":null}},"198":{"start":{"line":419,"column":33},"end":{"line":419,"column":null}},"199":{"start":{"line":427,"column":33},"end":{"line":427,"column":null}},"200":{"start":{"line":435,"column":33},"end":{"line":435,"column":null}},"201":{"start":{"line":443,"column":33},"end":{"line":443,"column":null}},"202":{"start":{"line":488,"column":35},"end":{"line":488,"column":null}},"203":{"start":{"line":497,"column":35},"end":{"line":497,"column":null}},"204":{"start":{"line":503,"column":35},"end":{"line":503,"column":null}},"205":{"start":{"line":509,"column":35},"end":{"line":509,"column":null}},"206":{"start":{"line":516,"column":22},"end":{"line":516,"column":null}},"207":{"start":{"line":524,"column":22},"end":{"line":524,"column":null}},"208":{"start":{"line":532,"column":22},"end":{"line":532,"column":null}},"209":{"start":{"line":543,"column":24},"end":{"line":543,"column":null}},"210":{"start":{"line":558,"column":24},"end":{"line":558,"column":null}},"211":{"start":{"line":576,"column":22},"end":{"line":577,"column":null}},"212":{"start":{"line":579,"column":42},"end":{"line":579,"column":null}},"213":{"start":{"line":580,"column":37},"end":{"line":580,"column":null}},"214":{"start":{"line":589,"column":41},"end":{"line":589,"column":55}},"215":{"start":{"line":590,"column":42},"end":{"line":590,"column":null}},"216":{"start":{"line":590,"column":61},"end":{"line":590,"column":null}},"217":{"start":{"line":591,"column":41},"end":{"line":591,"column":null}},"218":{"start":{"line":592,"column":28},"end":{"line":596,"column":null}},"219":{"start":{"line":597,"column":28},"end":{"line":597,"column":null}},"220":{"start":{"line":602,"column":28},"end":{"line":602,"column":64}},"221":{"start":{"line":611,"column":41},"end":{"line":611,"column":null}},"222":{"start":{"line":612,"column":28},"end":{"line":612,"column":null}},"223":{"start":{"line":613,"column":28},"end":{"line":613,"column":null}},"224":{"start":{"line":621,"column":41},"end":{"line":621,"column":null}},"225":{"start":{"line":622,"column":28},"end":{"line":622,"column":null}},"226":{"start":{"line":623,"column":28},"end":{"line":623,"column":null}},"227":{"start":{"line":628,"column":41},"end":{"line":628,"column":null}},"228":{"start":{"line":636,"column":41},"end":{"line":636,"column":null}},"229":{"start":{"line":643,"column":47},"end":{"line":643,"column":61}},"230":{"start":{"line":655,"column":37},"end":{"line":655,"column":null}},"231":{"start":{"line":659,"column":24},"end":{"line":659,"column":45}},"232":{"start":{"line":667,"column":37},"end":{"line":667,"column":null}},"233":{"start":{"line":708,"column":26},"end":{"line":708,"column":null}},"234":{"start":{"line":721,"column":35},"end":{"line":721,"column":null}},"235":{"start":{"line":745,"column":20},"end":{"line":746,"column":null}}},"fnMap":{"0":{"name":"DevicePage","decl":{"start":{"line":24,"column":24},"end":{"line":24,"column":null}},"loc":{"start":{"line":24,"column":24},"end":{"line":767,"column":null}}},"1":{"name":"(anonymous_1)","decl":{"start":{"line":66,"column":12},"end":{"line":66,"column":null}},"loc":{"start":{"line":66,"column":12},"end":{"line":103,"column":5}}},"2":{"name":"(anonymous_2)","decl":{"start":{"line":68,"column":6},"end":{"line":68,"column":null}},"loc":{"start":{"line":68,"column":6},"end":{"line":102,"column":null}}},"3":{"name":"(anonymous_3)","decl":{"start":{"line":106,"column":12},"end":{"line":106,"column":null}},"loc":{"start":{"line":106,"column":12},"end":{"line":138,"column":5}}},"4":{"name":"(anonymous_4)","decl":{"start":{"line":113,"column":8},"end":{"line":113,"column":null}},"loc":{"start":{"line":113,"column":8},"end":{"line":115,"column":null}}},"5":{"name":"(anonymous_5)","decl":{"start":{"line":120,"column":8},"end":{"line":120,"column":null}},"loc":{"start":{"line":120,"column":8},"end":{"line":132,"column":null}}},"6":{"name":"(anonymous_6)","decl":{"start":{"line":121,"column":20},"end":{"line":121,"column":null}},"loc":{"start":{"line":122,"column":12},"end":{"line":130,"column":null}}},"7":{"name":"(anonymous_7)","decl":{"start":{"line":135,"column":11},"end":{"line":135,"column":null}},"loc":{"start":{"line":135,"column":11},"end":{"line":137,"column":null}}},"8":{"name":"(anonymous_8)","decl":{"start":{"line":140,"column":22},"end":{"line":140,"column":null}},"loc":{"start":{"line":140,"column":22},"end":{"line":189,"column":null}}},"9":{"name":"(anonymous_9)","decl":{"start":{"line":191,"column":21},"end":{"line":191,"column":28}},"loc":{"start":{"line":191,"column":42},"end":{"line":205,"column":null}}},"10":{"name":"(anonymous_10)","decl":{"start":{"line":207,"column":26},"end":{"line":207,"column":null}},"loc":{"start":{"line":207,"column":26},"end":{"line":240,"column":null}}},"11":{"name":"(anonymous_11)","decl":{"start":{"line":242,"column":33},"end":{"line":242,"column":null}},"loc":{"start":{"line":242,"column":33},"end":{"line":246,"column":5}}},"12":{"name":"(anonymous_12)","decl":{"start":{"line":249,"column":22},"end":{"line":249,"column":23}},"loc":{"start":{"line":249,"column":58},"end":{"line":251,"column":null}}},"13":{"name":"(anonymous_13)","decl":{"start":{"line":252,"column":17},"end":{"line":252,"column":18}},"loc":{"start":{"line":252,"column":53},"end":{"line":260,"column":null}}},"14":{"name":"(anonymous_14)","decl":{"start":{"line":261,"column":21},"end":{"line":261,"column":22}},"loc":{"start":{"line":261,"column":60},"end":{"line":261,"column":null}}},"15":{"name":"(anonymous_15)","decl":{"start":{"line":262,"column":20},"end":{"line":262,"column":21}},"loc":{"start":{"line":262,"column":35},"end":{"line":262,"column":null}}},"16":{"name":"(anonymous_16)","decl":{"start":{"line":262,"column":65},"end":{"line":262,"column":66}},"loc":{"start":{"line":262,"column":77},"end":{"line":262,"column":null}}},"17":{"name":"(anonymous_17)","decl":{"start":{"line":263,"column":17},"end":{"line":263,"column":null}},"loc":{"start":{"line":263,"column":17},"end":{"line":275,"column":null}}},"18":{"name":"(anonymous_18)","decl":{"start":{"line":265,"column":32},"end":{"line":265,"column":37}},"loc":{"start":{"line":265,"column":37},"end":{"line":265,"column":null}}},"19":{"name":"(anonymous_19)","decl":{"start":{"line":276,"column":26},"end":{"line":276,"column":null}},"loc":{"start":{"line":276,"column":26},"end":{"line":296,"column":null}}},"20":{"name":"(anonymous_20)","decl":{"start":{"line":278,"column":31},"end":{"line":278,"column":null}},"loc":{"start":{"line":278,"column":31},"end":{"line":293,"column":null}}},"21":{"name":"(anonymous_21)","decl":{"start":{"line":280,"column":35},"end":{"line":280,"column":40}},"loc":{"start":{"line":280,"column":40},"end":{"line":280,"column":null}}},"22":{"name":"(anonymous_22)","decl":{"start":{"line":282,"column":24},"end":{"line":282,"column":29}},"loc":{"start":{"line":282,"column":29},"end":{"line":282,"column":null}}},"23":{"name":"(anonymous_23)","decl":{"start":{"line":297,"column":17},"end":{"line":297,"column":18}},"loc":{"start":{"line":297,"column":18},"end":{"line":303,"column":null}}},"24":{"name":"(anonymous_24)","decl":{"start":{"line":304,"column":19},"end":{"line":304,"column":20}},"loc":{"start":{"line":304,"column":20},"end":{"line":310,"column":null}}},"25":{"name":"(anonymous_25)","decl":{"start":{"line":311,"column":21},"end":{"line":311,"column":null}},"loc":{"start":{"line":311,"column":21},"end":{"line":332,"column":null}}},"26":{"name":"(anonymous_26)","decl":{"start":{"line":334,"column":27},"end":{"line":334,"column":null}},"loc":{"start":{"line":334,"column":27},"end":{"line":359,"column":null}}},"27":{"name":"(anonymous_27)","decl":{"start":{"line":369,"column":23},"end":{"line":369,"column":29}},"loc":{"start":{"line":369,"column":29},"end":{"line":369,"column":null}}},"28":{"name":"(anonymous_28)","decl":{"start":{"line":419,"column":27},"end":{"line":419,"column":33}},"loc":{"start":{"line":419,"column":33},"end":{"line":419,"column":null}}},"29":{"name":"(anonymous_29)","decl":{"start":{"line":427,"column":27},"end":{"line":427,"column":33}},"loc":{"start":{"line":427,"column":33},"end":{"line":427,"column":null}}},"30":{"name":"(anonymous_30)","decl":{"start":{"line":435,"column":27},"end":{"line":435,"column":33}},"loc":{"start":{"line":435,"column":33},"end":{"line":435,"column":null}}},"31":{"name":"(anonymous_31)","decl":{"start":{"line":443,"column":27},"end":{"line":443,"column":33}},"loc":{"start":{"line":443,"column":33},"end":{"line":443,"column":null}}},"32":{"name":"(anonymous_32)","decl":{"start":{"line":488,"column":30},"end":{"line":488,"column":35}},"loc":{"start":{"line":488,"column":35},"end":{"line":488,"column":null}}},"33":{"name":"(anonymous_33)","decl":{"start":{"line":497,"column":30},"end":{"line":497,"column":35}},"loc":{"start":{"line":497,"column":35},"end":{"line":497,"column":null}}},"34":{"name":"(anonymous_34)","decl":{"start":{"line":503,"column":30},"end":{"line":503,"column":35}},"loc":{"start":{"line":503,"column":35},"end":{"line":503,"column":null}}},"35":{"name":"(anonymous_35)","decl":{"start":{"line":509,"column":30},"end":{"line":509,"column":35}},"loc":{"start":{"line":509,"column":35},"end":{"line":509,"column":null}}},"36":{"name":"(anonymous_36)","decl":{"start":{"line":515,"column":30},"end":{"line":515,"column":null}},"loc":{"start":{"line":516,"column":22},"end":{"line":516,"column":null}}},"37":{"name":"(anonymous_37)","decl":{"start":{"line":523,"column":30},"end":{"line":523,"column":null}},"loc":{"start":{"line":524,"column":22},"end":{"line":524,"column":null}}},"38":{"name":"(anonymous_38)","decl":{"start":{"line":531,"column":30},"end":{"line":531,"column":null}},"loc":{"start":{"line":532,"column":22},"end":{"line":532,"column":null}}},"39":{"name":"(anonymous_39)","decl":{"start":{"line":542,"column":32},"end":{"line":542,"column":null}},"loc":{"start":{"line":543,"column":24},"end":{"line":543,"column":null}}},"40":{"name":"(anonymous_40)","decl":{"start":{"line":557,"column":32},"end":{"line":557,"column":null}},"loc":{"start":{"line":558,"column":24},"end":{"line":558,"column":null}}},"41":{"name":"(anonymous_41)","decl":{"start":{"line":575,"column":35},"
[...]
:36},"end":{"line":614,"column":null}}},"48":{"name":"(anonymous_48)","decl":{"start":{"line":620,"column":36},"end":{"line":620,"column":null}},"loc":{"start":{"line":620,"column":36},"end":{"line":624,"column":null}}},"49":{"name":"(anonymous_49)","decl":{"start":{"line":628,"column":35},"end":{"line":628,"column":41}},"loc":{"start":{"line":628,"column":41},"end":{"line":628,"column":null}}},"50":{"name":"(anonymous_50)","decl":{"start":{"line":636,"column":35},"end":{"line":636,"column":41}},"loc":{"start":{"line":636,"column":41},"end":{"line":636,"column":null}}},"51":{"name":"(anonymous_51)","decl":{"start":{"line":643,"column":41},"end":{"line":643,"column":47}},"loc":{"start":{"line":643,"column":47},"end":{"line":643,"column":61}}},"52":{"name":"(anonymous_52)","decl":{"start":{"line":655,"column":32},"end":{"line":655,"column":37}},"loc":{"start":{"line":655,"column":37},"end":{"line":655,"column":null}}},"53":{"name":"(anonymous_53)","decl":{"start":{"line":658,"column":37},"end":{"line":658,"column":null}},"loc":{"start":{"line":659,"column":24},"end":{"line":659,"column":45}}},"54":{"name":"(anonymous_54)","decl":{"start":{"line":667,"column":32},"end":{"line":667,"column":37}},"loc":{"start":{"line":667,"column":37},"end":{"line":667,"column":null}}},"55":{"name":"(anonymous_55)","decl":{"start":{"line":707,"column":42},"end":{"line":707,"column":43}},"loc":{"start":{"line":708,"column":26},"end":{"line":708,"column":null}}},"56":{"name":"(anonymous_56)","decl":{"start":{"line":721,"column":30},"end":{"line":721,"column":35}},"loc":{"start":{"line":721,"column":35},"end":{"line":721,"column":null}}},"57":{"name":"(anonymous_57)","decl":{"start":{"line":744,"column":29},"end":{"line":744,"column":null}},"loc":{"start":{"line":745,"column":20},"end":{"line":746,"column":null}}}},"branchMap":{"0":{"loc":{"start":{"line":67,"column":4},"end":{"line":67,"column":null}},"type":"if","locations":[{"start":{"line":67,"column":4},"end":{"line":67,"column":null}},{"start":{},"end":{}}]},"1":{"loc":{"start":{"line":73,"column":8},"end":{"line":73,"column":null}},"type":"if","locations":[{"start":{"line":73,"column":8},"end":{"line":73,"column":null}},{"start":{},"end":{}}]},"2":{"loc":{"start":{"line":73,"column":12},"end":{"line":73,"column":52}},"type":"binary-expr","locations":[{"start":{"line":73,"column":12},"end":{"line":73,"column":38}},{"start":{"line":73,"column":38},"end":{"line":73,"column":52}}]},"3":{"loc":{"start":{"line":83,"column":6},"end":{"line":83,"column":null}},"type":"if","locations":[{"start":{"line":83,"column":6},"end":{"line":83,"column":null}},{"start":{},"end":{}}]},"4":{"loc":{"start":{"line":84,"column":6},"end":{"line":84,"column":null}},"type":"if","locations":[{"start":{"line":84,"column":6},"end":{"line":84,"column":null}},{"start":{},"end":{}}]},"5":{"loc":{"start":{"line":85,"column":6},"end":{"line":85,"column":null}},"type":"if","locations":[{"start":{"line":85,"column":6},"end":{"line":85,"column":null}},{"start":{},"end":{}}]},"6":{"loc":{"start":{"line":86,"column":6},"end":{"line":86,"column":null}},"type":"if","locations":[{"start":{"line":86,"column":6},"end":{"line":86,"column":null}},{"start":{},"end":{}}]},"7":{"loc":{"start":{"line":87,"column":6},"end":{"line":87,"column":null}},"type":"if","locations":[{"start":{"line":87,"column":6},"end":{"line":87,"column":null}},{"start":{},"end":{}}]},"8":{"loc":{"start":{"line":88,"column":6},"end":{"line":88,"column":null}},"type":"if","locations":[{"start":{"line":88,"column":6},"end":{"line":88,"column":null}},{"start":{},"end":{}}]},"9":{"loc":{"start":{"line":94,"column":6},"end":{"line":94,"column":null}},"type":"if","locations":[{"start":{"line":94,"column":6},"end":{"line":94,"column":null}},{"start":{},"end":{}}]},"10":{"loc":{"start":{"line":101,"column":6},"end":{"line":101,"column":null}},"type":"if","locations":[{"start":{"line":101,"column":6},"end":{"line":101,"column":null}},{"start":{},"end":{}}]},"11":{"loc":{"start":{"line":107,"column":4},"end":{"line":107,"column":null}},"type":"if","locations":[{"start":{"line":107,"column":4},"end":{"line":107,"column":null}},{"start":{},"end":{}}]},"12":{"loc":{"start":{"line":141,"column":4},"end":{"line":141,"column":null}},"type":"if","locations":[{"start":{"line":141,"column":4},"end":{"line":141,"column":null}},{"start":{},"end":{}}]},"13":{"loc":{"start":{"line":143,"column":19},"end":{"line":143,"column":null}},"type":"cond-expr","locations":[{"start":{"line":143,"column":40},"end":{"line":143,"column":65}},{"start":{"line":143,"column":65},"end":{"line":143,"column":null}}]},"14":{"loc":{"start":{"line":154,"column":6},"end":{"line":162,"column":null}},"type":"if","locations":[{"start":{"line":154,"column":6},"end":{"line":162,"column":null}},{"start":{},"end":{}}]},"15":{"loc":{"start":{"line":156,"column":21},"end":{"line":156,"column":null}},"type":"binary-expr","locations":[{"start":{"line":156,"column":21},"end":{"line":156,"column":42}},{"start":{"line":156,"column":42},"end":{"line":156,"column":61}},{"start":{"line":156,"column":61},"end":{"line":156,"column":null}}]},"16":{"loc":{"start":{"line":157,"column":20},"end":{"line":157,"column":null}},"type":"binary-expr","locations":[{"start":{"line":157,"column":20},"end":{"line":157,"column":36}},{"start":{"line":157,"column":36},"end":{"line":157,"column":null}}]},"17":{"loc":{"start":{"line":159,"column":24},"end":{"line":159,"column":45}},"type":"binary-expr","locations":[{"start":{"line":159,"column":24},"end":{"line":159,"column":39}},{"start":{"line":159,"column":43},"end":{"line":159,"column":45}}]},"18":{"loc":{"start":{"line":169,"column":6},"end":{"line":173,"column":null}},"type":"if","locations":[{"start":{"line":169,"column":6},"end":{"line":173,"column":null}},{"start":{},"end":{}}]},"19":{"loc":{"start":{"line":183,"column":17},"end":{"line":183,"column":76}},"type":"cond-expr","locations":[{"start":{"line":183,"column":27},"end":{"line":183,"column":46}},{"start":{"line":183,"column":46},"end":{"line":183,"column":76}}]},"20":{"loc":{"start":{"line":192,"column":4},"end":{"line":192,"column":null}},"type":"if","locations":[{"start":{"line":192,"column":4},"end":{"line":192,"column":null}},{"start":{},"end":{}}]},"21":{"loc":{"start":{"line":201,"column":59},"end":{"line":201,"column":73}},"type":"binary-expr","locations":[{"start":{"line":201,"column":59},"end":{"line":201,"column":70}},{"start":{"line":201,"column":70},"end":{"line":201,"column":73}}]},"22":{"loc":{"start":{"line":203,"column":15},"end":{"line":203,"column":72}},"type":"cond-expr","locations":[{"start":{"line":203,"column":25},"end":{"line":203,"column":39}},{"start":{"line":203,"column":42},"end":{"line":203,"column":72}}]},"23":{"loc":{"start":{"line":208,"column":4},"end":{"line":208,"column":null}},"type":"if","locations":[{"start":{"line":208,"column":4},"end":{"line":208,"column":null}},{"start":{},"end":{}}]},"24":{"loc":{"start":{"line":214,"column":6},"end":{"line":218,"column":null}},"type":"if","locations":[{"start":{"line":214,"column":6},"end":{"line":218,"column":null}},{"start":{},"end":{}}]},"25":{"loc":{"start":{"line":229,"column":6},"end":{"line":234,"column":null}},"type":"if","locations":[{"start":{"line":229,"column":6},"end":{"line":234,"column":null}},{"start":{"line":232,"column":13},"end":{"line":234,"column":null}}]},"26":{"loc":{"start":{"line":229,"column":10},"end":{"line":229,"column":31}},"type":"binary-expr","locations":[{"start":{"line":229,"column":10},"end":{"line":229,"column":17}},{"start":{"line":229,"column":21},"end":{"line":229,"column":31}}]},"27":{"loc":{"start":{"line":233,"column":35},"end":{"line":233,"column":66}},"type":"binary-expr","locations":[{"start":{"line":233,"column":35},"end":{"line":233,"column":45}},{"start":{"line":233,"column":49},"end":{"line":233,"column":66}}]},"28":{"loc":{"start":{"line":243,"column":4},"end":{"line":243,"column":null}},"type":"if","locations":[{"start":{"line":243,"column":4},"end":{"line":243,"column":null}},{"start":{},"end":{}}]},"29":{"loc":{"start":{"line":254,"column":4},"end":{"line":254,"column":null}},"type":"if","locations":[{"start":{"line":254,"column":4},"end":{"line":254,"column":null}},{"start":{},"end":{}}]},"30":{"loc":{"start":{"line":264,"column":4},"end":{"line":264,"column":null}},"type":"if","locations":[{"start":{"line":264,"column":4},"end":{"line":264,"column":null}},{"start":{},"end":{}}]},"31":{"loc":{"start":{"line":270,"column":14},"end":{"line":270,"column":null}},"type":"binary-expr","locations":[{"start":{"line":270,"column":14},"end":{"line":270,"column":66}},{"start":{"line":270,"column":66},"end":{"line":270,"column":null}}]},"32":{"loc":{"start":{"line":270,"column":15},"end":{"line":270,"column":46}},"type":"binary-expr","locations":[{"start":{"line":270,"column":15},"end":{"line":270,"column":26}},{"start":{"line":270,"column":30},"end":{"line":270,"column":45}},{"start":{"line":270,"column":45},"end":{"line":270,"column":46}}]},"33":{"loc":{"start":{"line":279,"column":6},"end":{"line":279,"column":null}},"type":"if","locations":[{"start":{"line":279,"column":6},"end":{"line":279,"column":null}},{"start":{},"end":{}}]},"34":{"loc":{"start":{"line":279,"column":10},"end":{"line":279,"column":24}},"type":"binary-expr","locations":[{"start":{"line":279,"column":10},"end":{"line":279,"column":14}},{"start":{"line":279,"column":18},"end":{"line":279,"column":24}}]},"35":{"loc":{"start":{"line":280,"column":67},"end":{"line":280,"column":78}},"type":"binary-expr","locations":[{"start":{"line":280,"column":67},"end":{"line":280,"column":73}},{"start":{"line":280,"column":77},"end":{"line":280,"column":78}}]},"36":{"loc":{"start":{"line":281,"column":21},"end":{"line":283,"column":null}},"type":"cond-expr","locations":[{"start":{"line":282,"column":10},"end":{"line":282,"column":null}},{"start":{"line":283,"column":10},"end":{"line":283,"column":null}}]},"37":{"loc":{"start":{"line":282,"column":30},"end":{"line":282,"column":41}},"type":"binary-expr","locations":[{"start":{"line":282,"column":30},"end":{"line":282,"column":36}},{"start":{"line":282,"column":40},"end":{"line":282,"column":41}}]},"38":{"loc":{"start":{"line":282,"column":63},"end":{"line":282,"column":74}},"type":"binary-expr","locations":[{"start":{"line":282,"column":63},"end":{"line":282,"column":69}},{"start":{"line":282,"column":73},"end":{"line":282,"column":74}}]},"39":{"loc":{"start":{"line":284,"column":20},"end":{"line":284,"column":null}},"type":"binary-expr","locations":[{"start":{"line":284,"column":20},"end":{"line":284,"column":30}},{"start":{"line":284,"column":30},"end":{"line":284,"column":null}}]},"40":{"loc":{"start":{"line":285,"column":6},"end":{"line":285,"column":null}},"type":"if","locations":[{"start":{"line":285,"column":6},"end":{"line":285,"column":null}},{"start":{},"end":{}}]},"41":{"loc":{"start":{"line":289,"column":12},"end":{"line":289,"column":28}},"type":"binary-expr","locations":[{"start":{"line":289,"column":12},"end":{"line":289,"column":20}},{"start":{"line":289,"column":24},"end":{"line":289,"column":28}}]},"42":{"loc":{"start":{"line":290,"column":14},"end":{"line":290,"column":null}},"type":"binary-expr","locations":[{"start":{"line":290,"column":14},"end":{"line":290,"column":60}},{"start":{"line":290,"column":60},"end":{"line":290,"column":null}}]},"43":{"loc":{"start":{"line":290,"column":15},"end":{"line":290,"column":40}},"type":"binary-expr","locations":[{"start":{"line":290,"column":15},"end":{"line":290,"column":21}},{"start":{"line":290,"column":25},"end":{"line":290,"column":35}},{"start":{"line":290,"column":39},"end":{"line":290,"column":40}}]},"44":{"loc":{"start":{"line":291,"column":14},"end":{"line":291,"column":34}},"type":"binary-expr","locations":[{"start":{"line":291,"column":14},"end":{"line":291,"column":20}},{"start":{"line":291,"column":24},"end":{"line":291,"column":34}}]},"45":{"loc":{"start":{"line":295,"column":15},"end":{"line":295,"column":null}},"type":"cond-expr","locations":[{"start":{"line":295,"column":25},"end":{"line":295,"column":61}},{"start":{"line":295,"column":64},"end":{"line":295,"column":null}}]},"46":{"loc":{"start":{"line":298,"column":4},"end":{"line":298,"column":null}},"type":"if","locations":[{"start":{"line":298,"column":4},"end":{"line":298,"column":null}},{"start":{},"end":{}}]},"47":{"loc":{"start":{"line":305,"column":4},"end":{"line":305,"column":null}},"type":"if","locations":[{"start":{"line":305,"column":4},"end":{"line":305,"column":null}},{"start":{},"end":{}}]},"48":{"loc":{"start":{"line":314,"column":6},"end":{"line":316,"column":null}},"type":"if","locations":[{"start":{"line":314,"column":6},"end":{"line":316,"column":null}},{"start":{},"end":{}}]},"49":{"loc":{"start":{"line":314,"column":10},"end":{"line":314,"column":54}},"type":"binary-expr","locations":[{"start":{"line":314,"column":10},"end":{"line":314,"column":24}},{"start":{"line":314,"column":24},"end":{"line":314,"column":54}}]},"50":{"loc":{"start":{"line":331,"column":4},"end":{"line":331,"column":null}},"type":"if","locations":[{"start":{"line":331,"column":4},"end":{"line":331,"column":null}},{"start":{},"end":{}}]},"51":{"loc":{"start":{"line":335,"column":4},"end":{"line":335,"column":null}},"type":"if","locations":[{"start":{"line":335,"column":4},"end":{"line":335,"column":null}},{"start":{},"end":{}}]},"52":{"loc":{"start":{"line":346,"column":6},"end":{"line":353,"column":null}},"type":"if","locations":[{"start":{"line":346,"column":6},"end":{"line":353,"column":null}},{"start":{"line":351,"column":13},"end":{"line":353,"column":null}}]},"53":{"loc":{"start":{"line":348,"column":8},"end":{"line":349,"column":null}},"type":"if","locations":[{"start":{"line":348,"column":8},"end":{"line":349,"column":null}},{"start":{},"end":{}}]},"54":{"loc":{"start":{"line":389,"column":17},"end":{"line":389,"column":null}},"type":"binary-expr","locations":[{"start":{"line":389,"column":17},"end":{"line":389,"column":null}}]},"55":{"loc":{"start":{"line":394,"column":23},"end":{"line":394,"column":null}},"type":"cond-expr","locations":[{"start":{"line":394,"column":45},"end":{"line":394,"column":94}},{"start":{"line":394,"column":94},"end":{"line":394,"column":null}}]},"56":{"loc":{"start":{"line":463,"column":17},"end":{"line":463,"column":null}},"type":"binary-expr","locations":[{"start":{"line":463,"column":17},"end":{"line":463,"column":null}}]},"57":{"loc":{"start":{"line":594,"column":36},"end":{"line":594,"column":null}},"type":"binary-expr","locations":[{"start":{"line":594,"column":36},"end":{"line":594,"column":89}},{"start":{"line":594,"column":89},"end":{"line":594,"column":null}}]},"58":{"loc":{"start":{"line":594,"column":37},"end":{"line":594,"column":69}},"type":"binary-expr","locations":[{"start":{"line":594,"column":37},"end":{"line":594,"column":49}},{"start":{"line":594,"column":53},"end":{"line":594,"column":68}},{"start":{"line":594,"column":68},"end":{"line":594,"column":69}}]},"59":{"loc":{"start":{"line":595,"column":34},"end":{"line":595,"column":57}},"type":"binary-expr","locations":[{"start":{"line":595,"column":34},"end":{"line":595,"column":47}},{"start":{"line":595,"column":47},"end":{"line":595,"column":57}}]},"60":{"loc":{"start":{"line":609,"column":33},"end":{"line":609,"column":null}},"type":"binary-expr","locations":[{"start":{"line":609,"column":33},"end":{"line":609,"column":39}},{"start":{"line":609,"column":43},"end":{"line":609,"column":null}}]},"61":{"loc":{"start":{"line":619,"column":33},"end":{"line":619,"column":null}},"type":"binary-expr","locations":[{"start":{"line":619,"column":33},"end":{"line":619,"column":37}},{"start":{"line":619,"column":41},"end":{"line":619,"column":null}}]},"62":{"loc":{"start":{"line":622,"column":56},"end":{"line":622,"column":84}},"type":"binary-expr","locations":[{"start":{"line":622,"column":56},"end":{"line":622,"column":70}},{"start":{"line":622,"column":74},"end":{"line":622,"column":84}}]},"63":{"loc":{"start":{"line":666,"column":29},"end":{"line":666,"column":null}},"type":"binary-expr","locations":[{"start":{"line":666,"column":29},"end":{"line":666,"column":40}},{"start":{"line":666,"column":44},"end":{"line":666,"column":null}}]},"64":{"loc":{"start":{"line":701,"column":19},"end":{"line":701,"column":null}},"type":"binary-expr","locations":[{"start":{"line":701,"column":19},"end":{"line":701,"column":null}}]},"65":{"loc":{"start":{"line":710,"column":31},"end":{"line":710,"column":61}},"type":"binary-expr","locations":[{"start":{"line":710,"column":31},"end":{"line":710,"column":45}},{"start":{"line":710,"column":49},"end":{"line":710,"column":61}}]},"66":{"loc":{"start":{"line":728,"column":21},"end":{"line":728,"column":null}},"type":"binary-expr","locations":[{"start":{"line":728,"column":21},"end":{"line":728,"column":null}}]},"67":{"loc":{"start":{"line":744,"column":18},"end":{"line":746,"column":null}},"type":"cond-expr","locations":[{"start":{"line":744,"column":18},"end":{"line":746,"column":null}}]}},"s":{"0":0,"1":0,"2":0,"3":0,"4":0,"5":0,"6":0,"7":0,"8":0,"9":0,"10":0,"11":0,"12":0,"13":0,"14":0,"15":0,"16":0,"17":0,"18":0,"19":0,"20":0,"21":0,"22":0,"23":0,"24":0,"25":0,"26":0,"27":0,"28":0,"29":0,"30":0,"31":0,"32":0,"33":0,"34":0,"35":0,"36":0,"37":0,"38":0,"39":0,"40":0,"41":0,"42":0,"43":0,"44":0,"45":0,"46":0,"47":0,"48":0,"49":0,"50":0,"51":0,"52":0,"53":0,"54":0,"55":0,"56":0,"57":0,"58":0,"59":0,"60":0,"61":0,"62":0,"63":0,"64":0,"65":0,"66":0,"67":0,"68":0,"69":0,"70":0,"71":0,"72":0,"73":0,"74":0,"75":0,"76":0,"77":0,"78":0,"79":0,"80":0,"81":0,"82":0,"83":0,"84":0,"85":0,"86":0,"87":0,"88":0,"89":0,"90":0,"91":0,"92":0,"93":0,"94":0,"95":0,"96":0,"97":0,"98":0,"99":0,"100":0,"101":0,"102":0,"103":0,"104":0,"105":0,"106":0,"107":0,"108":0,"109":0,"110":0,"111":0,"112":0,"113":0,"114":0,"115":0,"116":0,"117":0,"118":0,"119":0,"120":0,"121":0,"122":0,"123":0,"124":0,"125":0,"126":0,"127":0,"128":0,"129":0,"130":0,"131":0,"132":0,"133":0,"134":0,"135":0,"136":0,"137":0,"138":0,"139":0,"140":0,"141":0,"142":0,"143":0,"144":0,"145":0,"146":0,"147":0,"148":0,"149":0,"150":0,"151":0,"152":0,"153":0,"154":0,"155":0,"156":0,"157":0,"158":0,"159":0,"160":0,"161":0,"162":0,"163":0,"164":0,"165":0,"166":0,"167":0,"168":0,"169":0,"170":0,"171":0,"172":0,"173":0,"174":0,"175":0,"176":0,"177":0,"178":0,"179":0,"180":0,"181":0,"182":0,"183":0,"184":0,"185":0,"186":0,"187":0,"188":0,"189":0,"190":0,"191":0,"192":0,"193":0,"194":0,"195":0,"196":0,"197":0,"198":0,"199":0,"200":0,"201":0,"202":0,"203":0,"204":0,"205":0,"206":0,"207":0,"208":0,"209":0,"210":0,"211":0,"212":0,"213":0,"214":0,"215":0,"216":0,"217":0,"218":0,"219":0,"220":0,"221":0,"222":0,"223":0,"224":0,"225":0,"226":0,"227":0,"228":0,"229":0,"230":0,"231":0,"232":0,"233":0,"234":0,"235":0},"f":{"0":0,"1":0,"2":0,"3":0,"4":0,"5":0,"6":0,"7":0,"8":0,"9":0,"10":0,"11":0,"12":0,"13":0,"14":0,"15":0,"16":0,"17":0,"18":0,"19":0,"20":0,"21":0,"22":0,"23":0,"24":0,"25":0,"26":0,"27":0,"28":0,"29":0,"30":0,"31":0,"32":0,"33":0,"34":0,"35":0,"36":0,"37":0,"38":0,"39":0,"40":0,"41":0,"42":0,"43":0,"44":0,"45":0,"46":0,"47":0,"48":0,"49":0,"50":0,"51":0,"52":0,"53":0,"54":0,"55":0,"56":0,"57":0},"b":{"0":[0,0],"1":[0,0],"2":[0,0],"3":[0,0],"4":[0,0],"5":[0,0],"6":[0,0],"7":[0,0],"8":[0,0],"9":[0,0],"10":[0,0],"11":[0,0],"12":[0,0],"13":[0,0],"14":[0,0],"15":[0,0,0],"16":[0,0],"17":[0,0],"18":[0,0],"19":[0,0],"20":[0,0],"21":[0,0],"22":[0,0],"23":[0,0],"24":[0,0],"25":[0,0],"26":[0,0],"27":[0,0],"28":[0,0],"29":[0,0],"30":[0,0],"31":[0,0],"32":[0,0,0],"33":[0,0],"34":[0,0],"35":[0,0],"36":[0,0],"37":[0,0],"38":[0,0],"39":[0,0],"40":[0,0],"41":[0,0],"42":[0,0],"43":[0,0,0],"44":[0,0],"45":[0,0],"46":[0,0],"47":[0,0],"48":[0,0],"49":[0,0],"50":[0,0],"51":[0,0],"52":[0,0],"53":[0,0],"54":[0],"55":[0,0],"56":[0],"57":[0,0],"58":[0,0,0],"59":[0,0],"60":[0,0],"61":[0,0],"62":[0,0],"63":[0,0],"64":[0],"65":[0,0],"66":[0],"67":[0]}}
}
