TN:
SF:src/components/layout/Header.tsx
FN:7,Header
FN:19,(anonymous_3)
FNF:2
FNH:1
FNDA:3,Header
FNDA:0,(anonymous_3)
DA:1,1
DA:2,1
DA:3,1
DA:4,1
DA:5,1
DA:7,3
DA:8,3
DA:19,0
LF:8
LH:7
BRF:0
BRH:0
end_of_record
TN:
SF:src/components/layout/Layout.tsx
FN:9,Layout
FNF:1
FNH:1
FNDA:3,Layout
DA:1,1
DA:2,1
DA:3,1
DA:9,3
LF:4
LH:4
BRF:0
BRH:0
end_of_record
TN:
SF:src/components/layout/Navigation.tsx
FN:15,Navigation
FN:42,(anonymous_3)
FNF:2
FNH:2
FNDA:3,Navigation
FNDA:15,(anonymous_3)
DA:1,1
DA:2,1
DA:3,1
DA:4,1
DA:5,1
DA:7,1
DA:15,3
DA:16,3
DA:43,15
DA:44,15
LF:10
LH:10
BRDA:51,0,0,3
BRDA:51,0,1,12
BRDA:59,1,0,3
BRDA:59,1,1,12
BRF:4
BRH:4
end_of_record
TN:
SF:src/components/layout/index.ts
FNF:0
FNH:0
DA:2,3
DA:3,1
DA:4,1
LF:3
LH:3
BRF:0
BRH:0
end_of_record
TN:
SF:src/components/ui/Badge.tsx
FN:36,Badge
FN:66,StatusBadge
FNF:2
FNH:2
FNDA:21,Badge
FNDA:6,StatusBadge
DA:1,2
DA:2,2
DA:14,2
DA:22,2
DA:28,2
DA:36,15
DA:66,6
LF:7
LH:7
BRDA:37,0,0,7
BRDA:38,1,0,14
BRDA:39,2,0,14
BRDA:54,3,0,21
BRDA:71,4,0,4
BRDA:71,4,1,2
BRDA:72,5,0,4
BRDA:72,5,1,2
BRF:8
BRH:8
end_of_record
TN:
SF:src/components/ui/Button.tsx
FN:33,Button
FNF:1
FNH:1
FNDA:42,Button
DA:1,2
DA:2,2
DA:16,2
DA:27,2
DA:33,42
DA:44,42
LF:6
LH:6
BRDA:34,0,0,18
BRDA:35,1,0,27
BRDA:36,2,0,28
BRDA:44,3,0,42
BRDA:44,3,1,38
BRDA:60,4,0,42
BRDA:83,5,0,42
BRDA:83,5,1,41
BRDA:85,6,0,42
BRDA:85,6,1,41
BRF:10
BRH:10
end_of_record
TN:
SF:src/components/ui/Card.tsx
FN:24,Card
FN:44,CardHeader
FN:60,CardTitle
FNF:3
FNH:3
FNDA:8,Card
FNDA:8,CardHeader
FNDA:8,CardTitle
DA:1,1
DA:2,1
DA:10,1
DA:17,1
DA:24,8
DA:44,8
DA:60,8
LF:7
LH:7
BRDA:24,0,0,8
BRDA:24,1,0,8
BRDA:60,2,0,8
BRF:3
BRH:3
end_of_record
TN:
SF:src/components/ui/Input.tsx
FN:12,Input
FNF:1
FNH:1
FNDA:26,Input
DA:1,2
DA:2,2
DA:12,26
DA:22,26
DA:23,26
LF:5
LH:5
BRDA:22,0,0,26
BRDA:22,0,1,25
BRDA:27,1,0,26
BRDA:33,2,0,16
BRDA:42,3,0,26
BRDA:57,4,0,6
BRDA:57,4,1,20
BRDA:58,5,0,1
BRDA:58,5,1,25
BRDA:60,6,0,4
BRDA:60,6,1,22
BRDA:67,7,0,4
BRDA:67,7,1,22
BRDA:67,8,0,4
BRDA:67,8,1,18
BRDA:72,9,0,26
BRDA:79,10,0,26
BRDA:89,11,0,26
BRDA:89,11,1,22
BRF:19
BRH:19
end_of_record
TN:
SF:src/components/ui/Tabs.tsx
FN:17,Tabs
FN:32,TabsList
FN:46,TabsTrigger
FN:65,(anonymous_11)
FN:82,TabsContent
FNF:5
FNH:5
FNDA:14,Tabs
FNDA:11,TabsList
FNDA:34,TabsTrigger
FNDA:1,(anonymous_11)
FNDA:32,TabsContent
DA:1,2
DA:2,2
DA:9,2
DA:17,13
DA:18,14
DA:32,11
DA:46,28
DA:47,34
DA:48,34
DA:49,4
DA:52,30
DA:53,30
DA:65,1
DA:82,26
DA:83,32
DA:84,32
DA:85,4
DA:88,28
DA:89,28
DA:91,28
DA:92,18
LF:21
LH:21
BRDA:48,0,0,4
BRDA:48,0,1,30
BRDA:60,1,0,12
BRDA:60,1,1,18
BRDA:84,2,0,4
BRDA:84,2,1,28
BRDA:91,3,0,18
BRDA:91,3,1,10
BRF:8
BRH:8
end_of_record
TN:
SF:src/components/ui/ThemeToggle.tsx
FN:7,ThemeToggle
FN:18,(anonymous_5)
FN:21,(anonymous_6)
FN:39,ThemeToggleButton
FN:42,(anonymous_8)
FNF:5
FNH:1
FNDA:0,ThemeToggle
FNDA:0,(anonymous_5)
FNDA:0,(anonymous_6)
FNDA:3,ThemeToggleButton
FNDA:0,(anonymous_8)
DA:1,1
DA:2,1
DA:3,1
DA:4,1
DA:5,1
DA:7,0
DA:8,0
DA:10,0
DA:19,0
DA:21,0
DA:39,3
DA:40,3
DA:42,3
DA:43,0
DA:44,0
DA:45,0
DA:46,0
DA:49,3
LF:18
LH:9
BRDA:25,0,0,0
BRDA:25,0,1,0
BRDA:49,1,0,0
BRDA:49,1,1,3
BRDA:56,2,0,0
BRDA:56,2,1,3
BRDA:56,3,0,0
BRDA:56,3,1,3
BRDA:59,4,0,3
BRDA:59,4,1,0
BRDA:59,5,0,0
BRDA:59,5,1,0
BRF:12
BRH:4
end_of_record
TN:
SF:src/components/ui/index.ts
FNF:0
FNH:0
DA:2,16
DA:3,13
DA:4,1
DA:5,8
DA:6,1
DA:7,1
LF:6
LH:6
BRF:0
BRH:0
end_of_record
TN:
SF:src/contexts/ThemeContext.tsx
FN:14,useTheme
FN:27,ThemeProvider
FN:31,(anonymous_8)
FN:39,(anonymous_9)
FN:40,(anonymous_10)
FN:66,(anonymous_11)
FN:69,(anonymous_12)
FNF:7
FNH:6
FNDA:3,useTheme
FNDA:8,ThemeProvider
FNDA:7,(anonymous_8)
FNDA:7,(anonymous_9)
FNDA:7,(anonymous_10)
FNDA:7,(anonymous_11)
FNDA:0,(anonymous_12)
DA:1,1
DA:12,1
DA:14,3
DA:15,3
DA:16,3
DA:17,0
DA:19,3
DA:27,8
DA:28,8
DA:29,8
DA:31,8
DA:33,7
DA:34,7
DA:35,0
DA:39,8
DA:40,7
DA:43,7
DA:44,7
DA:46,0
DA:49,7
DA:52,7
DA:53,7
DA:54,0
DA:56,7
DA:60,7
DA:63,7
DA:64,7
DA:66,7
DA:69,8
DA:70,0
DA:71,0
LF:31
LH:25
BRDA:16,0,0,0
BRDA:16,0,1,3
BRDA:27,1,0,8
BRDA:34,2,0,0
BRDA:34,2,1,7
BRDA:34,3,0,7
BRDA:34,3,1,0
BRDA:43,4,0,7
BRDA:43,4,1,0
BRDA:44,5,0,0
BRDA:44,5,1,7
BRDA:53,6,0,0
BRDA:53,6,1,7
BRF:13
BRH:7
end_of_record
TN:
SF:src/lib/schema.ts
FN:60,makeValidator
FNF:1
FNH:0
FNDA:0,makeValidator
DA:3,0
DA:61,0
DA:62,0
LF:3
LH:0
BRF:0
BRH:0
end_of_record
TN:
SF:src/lib/supabaseClient.ts
FNF:0
FNH:0
DA:3,0
DA:4,0
DA:6,0
LF:3
LH:0
BRF:0
BRH:0
end_of_record
TN:
SF:src/lib/wnbaTeams.ts
FNF:0
FNH:0
DA:3,0
LF:1
LH:0
BRF:0
BRH:0
end_of_record
TN:
SF:src/pages/index.tsx
FN:10,Home
FN:19,(anonymous_3)
FN:20,(anonymous_4)
FN:21,(anonymous_5)
FN:22,(anonymous_6)
FN:25,(anonymous_7)
FN:27,(anonymous_8)
FN:38,(anonymous_9)
FN:56,(anonymous_10)
FN:62,(anonymous_11)
FN:72,(anonymous_12)
FN:87,(anonymous_13)
FN:111,(anonymous_14)
FN:119,(anonymous_15)
FN:155,(anonymous_16)
FN:170,(anonymous_17)
FN:199,(anonymous_18)
FNF:17
FNH:5
FNDA:5,Home
FNDA:5,(anonymous_3)
FNDA:5,(anonymous_4)
FNDA:0,(anonymous_5)
FNDA:5,(anonymous_6)
FNDA:5,(anonymous_7)
FNDA:0,(anonymous_8)
FNDA:0,(anonymous_9)
FNDA:0,(anonymous_10)
FNDA:0,(anonymous_11)
FNDA:0,(anonymous_12)
FNDA:0,(anonymous_13)
FNDA:0,(anonymous_14)
FNDA:0,(anonymous_15)
FNDA:0,(anonymous_16)
FNDA:0,(anonymous_17)
FNDA:0,(anonymous_18)
DA:1,1
DA:2,1
DA:3,1
DA:4,1
DA:5,1
DA:6,1
DA:10,5
DA:11,5
DA:12,5
DA:13,5
DA:14,5
DA:15,5
DA:16,5
DA:17,5
DA:19,5
DA:20,5
DA:21,5
DA:22,5
DA:25,5
DA:26,5
DA:27,0
DA:28,0
DA:29,0
DA:33,0
DA:34,0
DA:38,5
DA:39,0
DA:40,0
DA:41,0
DA:42,0
DA:44,0
DA:45,0
DA:46,0
DA:47,0
DA:49,0
DA:54,0
DA:56,0
DA:57,0
DA:58,0
DA:62,5
DA:63,0
DA:64,0
DA:65,0
DA:66,0
DA:68,0
DA:69,0
DA:72,5
DA:73,0
DA:74,0
DA:75,0
DA:76,0
DA:78,0
DA:83,0
DA:84,0
DA:87,5
DA:88,0
DA:89,0
DA:90,0
DA:94,5
DA:111,0
DA:119,0
DA:155,0
DA:170,0
DA:200,0
LF:64
LH:25
BRDA:26,0,0,5
BRDA:26,0,1,0
BRDA:33,1,0,0
BRDA:33,1,1,0
BRDA:33,2,0,0
BRDA:33,2,1,0
BRDA:40,3,0,0
BRDA:40,3,1,0
BRDA:45,4,0,0
BRDA:45,4,1,0
BRDA:54,5,0,0
BRDA:54,5,1,0
BRDA:64,6,0,0
BRDA:64,6,1,0
BRDA:64,7,0,0
BRDA:64,7,1,0
BRDA:69,8,0,0
BRDA:69,8,1,0
BRDA:74,9,0,0
BRDA:74,9,1,0
BRDA:74,10,0,0
BRDA:74,10,1,0
BRDA:83,11,0,0
BRDA:83,11,1,0
BRDA:88,12,0,0
BRDA:88,12,1,0
BRDA:94,13,0,5
BRDA:94,13,1,0
BRDA:131,14,0,5
BRDA:177,15,0,0
BRDA:187,16,0,0
BRDA:192,17,0,0
BRDA:213,18,0,0
BRDA:213,18,1,0
BRF:34
BRH:3
end_of_record
TN:
SF:src/pages/register.tsx
FN:10,RegisterDevice
FN:18,(anonymous_3)
FN:93,(anonymous_4)
FN:97,(anonymous_5)
FN:100,(anonymous_6)
FN:138,(anonymous_7)
FN:180,(anonymous_8)
FN:203,(anonymous_9)
FN:231,(anonymous_10)
FNF:9
FNH:1
FNDA:3,RegisterDevice
FNDA:0,(anonymous_3)
FNDA:0,(anonymous_4)
FNDA:0,(anonymous_5)
FNDA:0,(anonymous_6)
FNDA:0,(anonymous_7)
FNDA:0,(anonymous_8)
FNDA:0,(anonymous_9)
FNDA:0,(anonymous_10)
DA:1,1
DA:2,1
DA:3,1
DA:4,1
DA:5,1
DA:6,1
DA:8,1
DA:10,3
DA:11,3
DA:12,3
DA:13,3
DA:14,3
DA:15,3
DA:16,3
DA:18,3
DA:19,0
DA:20,0
DA:21,0
DA:22,0
DA:23,0
DA:24,0
DA:27,0
DA:28,0
DA:29,0
DA:30,0
DA:31,0
DA:32,0
DA:35,0
DA:41,0
DA:42,0
DA:43,0
DA:44,0
DA:47,0
DA:50,0
DA:51,0
DA:52,0
DA:53,0
DA:54,0
DA:55,0
DA:58,0
DA:68,0
DA:69,0
DA:70,0
DA:71,0
DA:73,0
DA:76,0
DA:78,0
DA:83,3
DA:93,3
DA:94,0
DA:95,0
DA:96,0
DA:97,0
DA:99,0
DA:100,0
DA:138,0
DA:180,0
DA:203,0
DA:231,0
LF:59
LH:17
BRDA:21,0,0,0
BRDA:21,0,1,0
BRDA:29,1,0,0
BRDA:29,1,1,0
BRDA:41,2,0,0
BRDA:41,2,1,0
BRDA:52,3,0,0
BRDA:52,3,1,0
BRDA:69,4,0,0
BRDA:69,4,1,0
BRDA:69,5,0,0
BRDA:69,5,1,0
BRDA:73,6,0,0
BRDA:73,6,1,0
BRDA:83,7,0,0
BRDA:83,7,1,3
BRDA:83,8,0,3
BRDA:83,8,1,0
BRDA:146,9,0,3
BRDA:149,10,0,0
BRDA:149,10,1,0
BRDA:161,11,0,3
BRDA:190,12,0,0
BRDA:265,13,0,0
BRF:24
BRH:4
end_of_record
TN:
SF:src/pages/api/teams.ts
FN:5,handler
FN:12,(anonymous_1)
FNF:2
FNH:0
FNDA:0,handler
FNDA:0,(anonymous_1)
DA:6,0
DA:7,0
DA:8,0
DA:9,0
DA:10,0
DA:12,0
DA:17,0
DA:20,0
LF:8
LH:0
BRDA:12,0,0,0
BRDA:12,0,1,0
BRDA:14,1,0,0
BRDA:14,1,1,0
BRDA:15,2,0,0
BRDA:15,2,1,0
BRF:6
BRH:0
end_of_record
TN:
SF:src/pages/device/[id].tsx
FN:24,DevicePage
FN:66,(anonymous_1)
FN:68,(anonymous_2)
FN:106,(anonymous_3)
FN:113,(anonymous_4)
FN:120,(anonymous_5)
FN:121,(anonymous_6)
FN:135,(anonymous_7)
FN:140,(anonymous_8)
FN:191,(anonymous_9)
FN:207,(anonymous_10)
FN:242,(anonymous_11)
FN:249,(anonymous_12)
FN:252,(anonymous_13)
FN:261,(anonymous_14)
FN:262,(anonymous_15)
FN:262,(anonymous_16)
FN:263,(anonymous_17)
FN:265,(anonymous_18)
FN:276,(anonymous_19)
FN:278,(anonymous_20)
FN:280,(anonymous_21)
FN:282,(anonymous_22)
FN:297,(anonymous_23)
FN:304,(anonymous_24)
FN:311,(anonymous_25)
FN:334,(anonymous_26)
FN:369,(anonymous_27)
FN:419,(anonymous_28)
FN:427,(anonymous_29)
FN:435,(anonymous_30)
FN:443,(anonymous_31)
FN:488,(anonymous_32)
FN:497,(anonymous_33)
FN:503,(anonymous_34)
FN:509,(anonymous_35)
FN:515,(anonymous_36)
FN:523,(anonymous_37)
FN:531,(anonymous_38)
FN:542,(anonymous_39)
FN:557,(anonymous_40)
FN:575,(anonymous_41)
FN:579,(anonymous_42)
FN:580,(anonymous_43)
FN:588,(anonymous_44)
FN:590,(anonymous_45)
FN:601,(anonymous_46)
FN:610,(anonymous_47)
FN:620,(anonymous_48)
FN:628,(anonymous_49)
FN:636,(anonymous_50)
FN:643,(anonymous_51)
FN:655,(anonymous_52)
FN:658,(anonymous_53)
FN:667,(anonymous_54)
FN:707,(anonymous_55)
FN:721,(anonymous_56)
FN:744,(anonymous_57)
FNF:58
FNH:0
FNDA:0,DevicePage
FNDA:0,(anonymous_1)
FNDA:0,(anonymous_2)
FNDA:0,(anonymous_3)
FNDA:0,(anonymous_4)
FNDA:0,(anonymous_5)
FNDA:0,(anonymous_6)
FNDA:0,(anonymous_7)
FNDA:0,(anonymous_8)
FNDA:0,(anonymous_9)
FNDA:0,(anonymous_10)
FNDA:0,(anonymous_11)
FNDA:0,(anonymous_12)
FNDA:0,(anonymous_13)
FNDA:0,(anonymous_14)
FNDA:0,(anonymous_15)
FNDA:0,(anonymous_16)
FNDA:0,(anonymous_17)
FNDA:0,(anonymous_18)
FNDA:0,(anonymous_19)
FNDA:0,(anonymous_20)
FNDA:0,(anonymous_21)
FNDA:0,(anonymous_22)
FNDA:0,(anonymous_23)
FNDA:0,(anonymous_24)
FNDA:0,(anonymous_25)
FNDA:0,(anonymous_26)
FNDA:0,(anonymous_27)
FNDA:0,(anonymous_28)
FNDA:0,(anonymous_29)
FNDA:0,(anonymous_30)
FNDA:0,(anonymous_31)
FNDA:0,(anonymous_32)
FNDA:0,(anonymous_33)
FNDA:0,(anonymous_34)
FNDA:0,(anonymous_35)
FNDA:0,(anonymous_36)
FNDA:0,(anonymous_37)
FNDA:0,(anonymous_38)
FNDA:0,(anonymous_39)
FNDA:0,(anonymous_40)
FNDA:0,(anonymous_41)
FNDA:0,(anonymous_42)
FNDA:0,(anonymous_43)
FNDA:0,(anonymous_44)
FNDA:0,(anonymous_45)
FNDA:0,(anonymous_46)
FNDA:0,(anonymous_47)
FNDA:0,(anonymous_48)
FNDA:0,(anonymous_49)
FNDA:0,(anonymous_50)
FNDA:0,(anonymous_51)
FNDA:0,(anonymous_52)
FNDA:0,(anonymous_53)
FNDA:0,(anonymous_54)
FNDA:0,(anonymous_55)
FNDA:0,(anonymous_56)
FNDA:0,(anonymous_57)
DA:20,0
DA:21,0
DA:22,0
DA:25,0
DA:26,0
DA:27,0
DA:28,0
DA:33,0
DA:34,0
DA:35,0
DA:36,0
DA:37,0
DA:40,0
DA:42,0
DA:43,0
DA:44,0
DA:46,0
DA:61,0
DA:62,0
DA:63,0
DA:64,0
DA:66,0
DA:67,0
DA:68,0
DA:70,0
DA:71,0
DA:72,0
DA:73,0
DA:76,0
DA:83,0
DA:84,0
DA:85,0
DA:86,0
DA:87,0
DA:88,0
DA:89,0
DA:94,0
DA:95,0
DA:101,0
DA:106,0
DA:107,0
DA:108,0
DA:114,0
DA:121,0
DA:122,0
DA:135,0
DA:136,0
DA:140,0
DA:141,0
DA:142,0
DA:143,0
DA:144,0
DA:152,0
DA:153,0
DA:154,0
DA:155,0
DA:156,0
DA:157,0
DA:158,0
DA:159,0
DA:160,0
DA:161,0
DA:163,0
DA:164,0
DA:165,0
DA:167,0
DA:168,0
DA:169,0
DA:170,0
DA:171,0
DA:172,0
DA:174,0
DA:183,0
DA:185,0
DA:187,0
DA:191,0
DA:192,0
DA:193,0
DA:194,0
DA:203,0
DA:204,0
DA:207,0
DA:208,0
DA:209,0
DA:210,0
DA:211,0
DA:212,0
DA:213,0
DA:214,0
DA:215,0
DA:216,0
DA:217,0
DA:219,0
DA:228,0
DA:229,0
DA:230,0
DA:231,0
DA:233,0
DA:236,0
DA:238,0
DA:242,0
DA:243,0
DA:244,0
DA:245,0
DA:249,0
DA:250,0
DA:252,0
DA:253,0
DA:254,0
DA:255,0
DA:256,0
DA:257,0
DA:258,0
DA:259,0
DA:261,0
DA:262,0
DA:263,0
DA:264,0
DA:265,0
DA:266,0
DA:274,0
DA:276,0
DA:277,0
DA:278,0
DA:279,0
DA:280,0
DA:281,0
DA:282,0
DA:284,0
DA:285,0
DA:286,0
DA:287,0
DA:294,0
DA:295,0
DA:297,0
DA:298,0
DA:299,0
DA:300,0
DA:301,0
DA:302,0
DA:304,0
DA:305,0
DA:306,0
DA:307,0
DA:308,0
DA:309,0
DA:311,0
DA:312,0
DA:313,0
DA:314,0
DA:315,0
DA:319,0
DA:321,0
DA:330,0
DA:331,0
DA:334,0
DA:335,0
DA:336,0
DA:337,0
DA:338,0
DA:339,0
DA:346,0
DA:347,0
DA:348,0
DA:349,0
DA:350,0
DA:352,0
DA:355,0
DA:357,0
DA:369,0
DA:419,0
DA:427,0
DA:435,0
DA:443,0
DA:488,0
DA:497,0
DA:503,0
DA:509,0
DA:516,0
DA:524,0
DA:532,0
DA:543,0
DA:558,0
DA:576,0
DA:579,0
DA:580,0
DA:589,0
DA:590,0
DA:591,0
DA:592,0
DA:597,0
DA:602,0
DA:611,0
DA:612,0
DA:613,0
DA:621,0
DA:622,0
DA:623,0
DA:628,0
DA:636,0
DA:643,0
DA:655,0
DA:659,0
DA:667,0
DA:708,0
DA:721,0
DA:745,0
LF:207
LH:0
BRDA:67,0,0,0
BRDA:67,0,1,0
BRDA:73,1,0,0
BRDA:73,1,1,0
BRDA:73,2,0,0
BRDA:73,2,1,0
BRDA:83,3,0,0
BRDA:83,3,1,0
BRDA:84,4,0,0
BRDA:84,4,1,0
BRDA:85,5,0,0
BRDA:85,5,1,0
BRDA:86,6,0,0
BRDA:86,6,1,0
BRDA:87,7,0,0
BRDA:87,7,1,0
BRDA:88,8,0,0
BRDA:88,8,1,0
BRDA:94,9,0,0
BRDA:94,9,1,0
BRDA:101,10,0,0
BRDA:101,10,1,0
BRDA:107,11,0,0
BRDA:107,11,1,0
BRDA:141,12,0,0
BRDA:141,12,1,0
BRDA:143,13,0,0
BRDA:143,13,1,0
BRDA:154,14,0,0
BRDA:154,14,1,0
BRDA:156,15,0,0
BRDA:156,15,1,0
BRDA:156,15,2,0
BRDA:157,16,0,0
BRDA:157,16,1,0
BRDA:159,17,0,0
BRDA:159,17,1,0
BRDA:169,18,0,0
BRDA:169,18,1,0
BRDA:183,19,0,0
BRDA:183,19,1,0
BRDA:192,20,0,0
BRDA:192,20,1,0
BRDA:201,21,0,0
BRDA:201,21,1,0
BRDA:203,22,0,0
BRDA:203,22,1,0
BRDA:208,23,0,0
BRDA:208,23,1,0
BRDA:214,24,0,0
BRDA:214,24,1,0
BRDA:229,25,0,0
BRDA:229,25,1,0
BRDA:229,26,0,0
BRDA:229,26,1,0
BRDA:233,27,0,0
BRDA:233,27,1,0
BRDA:243,28,0,0
BRDA:243,28,1,0
BRDA:254,29,0,0
BRDA:254,29,1,0
BRDA:264,30,0,0
BRDA:264,30,1,0
BRDA:270,31,0,0
BRDA:270,31,1,0
BRDA:270,32,0,0
BRDA:270,32,1,0
BRDA:270,32,2,0
BRDA:279,33,0,0
BRDA:279,33,1,0
BRDA:279,34,0,0
BRDA:279,34,1,0
BRDA:280,35,0,0
BRDA:280,35,1,0
BRDA:281,36,0,0
BRDA:281,36,1,0
BRDA:282,37,0,0
BRDA:282,37,1,0
BRDA:282,38,0,0
BRDA:282,38,1,0
BRDA:284,39,0,0
BRDA:284,39,1,0
BRDA:285,40,0,0
BRDA:285,40,1,0
BRDA:289,41,0,0
BRDA:289,41,1,0
BRDA:290,42,0,0
BRDA:290,42,1,0
BRDA:290,43,0,0
BRDA:290,43,1,0
BRDA:290,43,2,0
BRDA:291,44,0,0
BRDA:291,44,1,0
BRDA:295,45,0,0
BRDA:295,45,1,0
BRDA:298,46,0,0
BRDA:298,46,1,0
BRDA:305,47,0,0
BRDA:305,47,1,0
BRDA:314,48,0,0
BRDA:314,48,1,0
BRDA:314,49,0,0
BRDA:314,49,1,0
BRDA:331,50,0,0
BRDA:331,50,1,0
BRDA:335,51,0,0
BRDA:335,51,1,0
BRDA:346,52,0,0
BRDA:346,52,1,0
BRDA:348,53,0,0
BRDA:348,53,1,0
BRDA:389,54,0,0
BRDA:394,55,0,0
BRDA:394,55,1,0
BRDA:463,56,0,0
BRDA:594,57,0,0
BRDA:594,57,1,0
BRDA:594,58,0,0
BRDA:594,58,1,0
BRDA:594,58,2,0
BRDA:595,59,0,0
BRDA:595,59,1,0
BRDA:609,60,0,0
BRDA:609,60,1,0
BRDA:619,61,0,0
BRDA:619,61,1,0
BRDA:622,62,0,0
BRDA:622,62,1,0
BRDA:666,63,0,0
BRDA:666,63,1,0
BRDA:701,64,0,0
BRDA:710,65,0,0
BRDA:710,65,1,0
BRDA:728,66,0,0
BRDA:744,67,0,0
BRF:135
BRH:0
end_of_record
